2024-01-17 01:26:03,878 [ERROR] LogOutputStream:75 - [STDERR_REDIRECT] 
2024-01-17 03:08:35,696 [INFO] Activator:176 - 


2024-01-17 03:08:35,698 [INFO] Activator:177 - !SESSION log4j initialized
2024-01-17 03:08:50,446 [INFO] LogOutputStream:77 - [STDOUT_REDIRECT] 
2024-01-17 03:08:57,633 [INFO] ApplicationProperties:184 - Using Application install path: C:\ST\STM32CubeIDE_1.13.2\STM32CubeIDE\plugins\com.st.stm32cube.common.mx_6.9.2.202309101412
2024-01-17 03:08:57,686 [INFO] DbMcusXml:78 - Set database path to: C:\ST\STM32CubeIDE_1.13.2\STM32CubeIDE\plugins\com.st.stm32cube.common.mx_6.9.2.202309101412\\db\/mcu/
2024-01-17 03:08:57,687 [INFO] ApiDb:274 - Set plugin database path to: C:\ST\STM32CubeIDE_1.13.2\STM32CubeIDE\plugins\com.st.stm32cube.common.mx_6.9.2.202309101412\\db\/plugins/boardmanager/
2024-01-17 03:08:57,687 [WARN] ApiDb:259 - Overriding images path with different value:  => C:\ST\STM32CubeIDE_1.13.2\STM32CubeIDE\plugins\com.st.stm32cube.common.mx_6.9.2.202309101412\\db\/plugins/mcufinder/images/
2024-01-17 03:08:57,949 [INFO] ApiDb:250 - Set database path to: C:\Users\GamingSystemOfUseV\.stmcufinder\plugins\mcufinder//mcu/
2024-01-17 03:08:57,950 [INFO] DbMcusAds:125 - Set database path to: C:\Users\GamingSystemOfUseV\.stmcufinder\plugins\mcufinder//mcu/
2024-01-17 03:08:57,953 [INFO] CrossReferenceDbSqlite:203 - Set database path to: C:\Users\GamingSystemOfUseV\.stmcufinder\plugins\mcufinder//mcu/cs/
2024-01-17 03:08:58,253 [INFO] RulesReader:64 - Compatibility file has been processed (293 Rules)
2024-01-17 03:08:58,579 [INFO] DbMcusXml:78 - Set database path to: C:\ST\STM32CubeIDE_1.13.2\STM32CubeIDE\plugins\com.st.stm32cube.common.mx_6.9.2.202309101412\\db\/mcu/
2024-01-17 03:08:58,580 [INFO] ApiDb:274 - Set plugin database path to: C:\ST\STM32CubeIDE_1.13.2\STM32CubeIDE\plugins\com.st.stm32cube.common.mx_6.9.2.202309101412\\db\/plugins/boardmanager/
2024-01-17 03:08:58,580 [INFO] ApiDb:261 - Set plugin images path to: C:\ST\STM32CubeIDE_1.13.2\STM32CubeIDE\plugins\com.st.stm32cube.common.mx_6.9.2.202309101412\\db\/plugins/mcufinder/images/
2024-01-17 03:08:58,580 [WARN] DbFile:41 - Overriding database path with different value: C:\Users\GamingSystemOfUseV\.stmcufinder\plugins\mcufinder/ => C:\Users\GamingSystemOfUseV\.stmcufinder\plugins\mcufinder
2024-01-17 03:08:58,580 [INFO] ApiDb:250 - Set database path to: C:\Users\GamingSystemOfUseV\.stmcufinder\plugins\mcufinder//mcu/
2024-01-17 03:08:58,580 [WARN] DbFile:41 - Overriding database path with different value: C:\Users\GamingSystemOfUseV\.stmcufinder\plugins\mcufinder/ => C:\Users\GamingSystemOfUseV\.stmcufinder\plugins\mcufinder
2024-01-17 03:08:58,580 [INFO] DbMcusAds:125 - Set database path to: C:\Users\GamingSystemOfUseV\.stmcufinder\plugins\mcufinder//mcu/
2024-01-17 03:08:58,581 [WARN] DbFile:41 - Overriding database path with different value: C:\Users\GamingSystemOfUseV\.stmcufinder\plugins\mcufinder/ => C:\Users\GamingSystemOfUseV\.stmcufinder\plugins\mcufinder
2024-01-17 03:08:58,581 [WARN] DbFile:41 - Overriding database path with different value: C:\Users\GamingSystemOfUseV\.stmcufinder\plugins\mcufinder/ => C:\Users\GamingSystemOfUseV\.stmcufinder\plugins\mcufinder
2024-01-17 03:08:58,581 [INFO] CrossReferenceDbSqlite:203 - Set database path to: C:\Users\GamingSystemOfUseV\.stmcufinder\plugins\mcufinder//mcu/cs/
2024-01-17 03:08:58,841 [INFO] MainPanel:262 - HeapMemory: 268435456
2024-01-17 03:08:59,091 [INFO] DbMcusXml:78 - Set database path to: C:\ST\STM32CubeIDE_1.13.2\STM32CubeIDE\plugins\com.st.stm32cube.common.mx_6.9.2.202309101412\\db\/mcu/
2024-01-17 03:08:59,091 [INFO] ApiDb:274 - Set plugin database path to: C:\ST\STM32CubeIDE_1.13.2\STM32CubeIDE\plugins\com.st.stm32cube.common.mx_6.9.2.202309101412\\db\/plugins/boardmanager/
2024-01-17 03:08:59,091 [INFO] ApiDb:261 - Set plugin images path to: C:\ST\STM32CubeIDE_1.13.2\STM32CubeIDE\plugins\com.st.stm32cube.common.mx_6.9.2.202309101412\\db\/plugins/mcufinder/images/
2024-01-17 03:08:59,092 [WARN] DbFile:41 - Overriding database path with different value: C:\Users\GamingSystemOfUseV\.stmcufinder\plugins\mcufinder/ => C:\Users\GamingSystemOfUseV\.stmcufinder\plugins\mcufinder
2024-01-17 03:08:59,092 [INFO] ApiDb:250 - Set database path to: C:\Users\GamingSystemOfUseV\.stmcufinder\plugins\mcufinder//mcu/
2024-01-17 03:08:59,092 [WARN] DbFile:41 - Overriding database path with different value: C:\Users\GamingSystemOfUseV\.stmcufinder\plugins\mcufinder/ => C:\Users\GamingSystemOfUseV\.stmcufinder\plugins\mcufinder
2024-01-17 03:08:59,092 [INFO] DbMcusAds:125 - Set database path to: C:\Users\GamingSystemOfUseV\.stmcufinder\plugins\mcufinder//mcu/
2024-01-17 03:08:59,092 [WARN] DbFile:41 - Overriding database path with different value: C:\Users\GamingSystemOfUseV\.stmcufinder\plugins\mcufinder/ => C:\Users\GamingSystemOfUseV\.stmcufinder\plugins\mcufinder
2024-01-17 03:08:59,093 [WARN] DbFile:41 - Overriding database path with different value: C:\Users\GamingSystemOfUseV\.stmcufinder\plugins\mcufinder/ => C:\Users\GamingSystemOfUseV\.stmcufinder\plugins\mcufinder
2024-01-17 03:08:59,093 [INFO] CrossReferenceDbSqlite:203 - Set database path to: C:\Users\GamingSystemOfUseV\.stmcufinder\plugins\mcufinder//mcu/cs/
2024-01-17 03:08:59,154 [INFO] ApplicationProperties:184 - Using Application install path: C:\ST\STM32CubeIDE_1.13.2\STM32CubeIDE\plugins\com.st.stm32cube.common.mx_6.9.2.202309101412
2024-01-17 03:08:59,155 [INFO] PluginManage:196 - Search for loadable plugins [exclusion list=, ]
2024-01-17 03:08:59,157 [INFO] PluginManage:310 - Check plugin analytics
2024-01-17 03:08:59,532 [INFO] AnalyticsPlugin:253 - Accepted Software Licenses: 
2024-01-17 03:08:59,532 [INFO] AnalyticsPlugin:255 - Accepted CMSIS Pack Licenses: 
2024-01-17 03:08:59,533 [INFO] AnalyticsPlugin:257 - Accepted Firmware Licenses: 
2024-01-17 03:08:59,537 [INFO] PluginManage:359 - Loaded plugin analytics (category:tool,tabindex:-1)
2024-01-17 03:08:59,537 [INFO] PluginManage:310 - Check plugin cadmodel
2024-01-17 03:08:59,623 [INFO] CADModel:105 - Init CAD model plugin
2024-01-17 03:08:59,624 [INFO] PluginManage:359 - Loaded plugin cadmodel (category:power,tabindex:5)
2024-01-17 03:08:59,624 [INFO] PluginManage:310 - Check plugin clock
2024-01-17 03:08:59,683 [INFO] PluginManage:359 - Loaded plugin clock (category:base,tabindex:2)
2024-01-17 03:08:59,683 [INFO] PluginManage:310 - Check plugin ddr
2024-01-17 03:08:59,703 [INFO] PluginManage:359 - Loaded plugin ddr (category:tool,tabindex:6)
2024-01-17 03:08:59,703 [INFO] PluginManage:310 - Check plugin filemanager
2024-01-17 03:08:59,997 [INFO] PluginManage:359 - Loaded plugin filemanager (category:base,tabindex:10)
2024-01-17 03:08:59,997 [INFO] PluginManage:310 - Check plugin ipmanager
2024-01-17 03:09:00,010 [INFO] PluginManage:359 - Loaded plugin ipmanager (category:base,tabindex:5)
2024-01-17 03:09:00,010 [INFO] PluginManage:310 - Check plugin lpbam
2024-01-17 03:09:00,063 [INFO] PluginManage:359 - Loaded plugin lpbam (category:base,tabindex:0)
2024-01-17 03:09:00,063 [INFO] PluginManage:310 - Check plugin memorymap
2024-01-17 03:09:00,140 [INFO] PluginManage:359 - Loaded plugin memorymap (category:base,tabindex:4)
2024-01-17 03:09:00,140 [INFO] PluginManage:310 - Check plugin pinoutandconfiguration
2024-01-17 03:09:00,196 [INFO] PluginManage:359 - Loaded plugin pinoutandconfiguration (category:base,tabindex:1)
2024-01-17 03:09:00,196 [INFO] PluginManage:310 - Check plugin pinoutconfig
2024-01-17 03:09:00,356 [WARN] SupportedApi:132 - Cannot load RTOS API schema: s4s-elt-must-match.1: The content of 'definitions' must match (annotation?, (simpleType | complexType)?, (unique | key | keyref)*)). A problem was found starting at: attribute.
2024-01-17 03:09:00,549 [INFO] PluginManage:359 - Loaded plugin pinoutconfig (category:base,tabindex:0)
2024-01-17 03:09:00,550 [INFO] PluginManage:310 - Check plugin power
2024-01-17 03:09:00,617 [INFO] PluginManage:359 - Loaded plugin power (category:power,tabindex:4)
2024-01-17 03:09:00,617 [INFO] PluginManage:310 - Check plugin projectmanager
2024-01-17 03:09:00,653 [INFO] PluginManage:359 - Loaded plugin projectmanager (category:projectmanager,tabindex:3)
2024-01-17 03:09:00,653 [INFO] PluginManage:310 - Check plugin thirdparty
2024-01-17 03:09:01,442 [INFO] PluginManage:359 - Loaded plugin thirdparty (category:base,tabindex:-1)
2024-01-17 03:09:01,442 [WARN] IntegrityCheckThread:84 - waiting for thirdparty lock release [integrity check]
2024-01-17 03:09:01,442 [INFO] PluginManage:310 - Check plugin tools
2024-01-17 03:09:01,442 [INFO] IntegrityCheckThread:86 - entering critical section [integrity check]
2024-01-17 03:09:01,443 [INFO] ThirdPartyUpdaterWithRetryManager:70 - Updater plugin not ready yet. [1/15]
2024-01-17 03:09:01,495 [INFO] PluginManage:359 - Loaded plugin tools (category:base,tabindex:7)
2024-01-17 03:09:01,495 [INFO] PluginManage:310 - Check plugin tutovideos
2024-01-17 03:09:01,843 [INFO] PluginManage:359 - Loaded plugin tutovideos (category:base,tabindex:-1)
2024-01-17 03:09:01,843 [INFO] PluginManage:310 - Check plugin updater
2024-01-17 03:09:01,869 [INFO] PluginManage:359 - Loaded plugin updater (category:base,tabindex:12)
2024-01-17 03:09:01,869 [INFO] PluginManage:310 - Check plugin userauth
2024-01-17 03:09:01,889 [INFO] UserAuth:113 - Init User Auth plugin
2024-01-17 03:09:01,889 [INFO] PluginManage:359 - Loaded plugin userauth (category:base,tabindex:14)
2024-01-17 03:09:01,890 [INFO] PluginManage:283 - PluginManage : Loaded plugins [17]
2024-01-17 03:09:02,207 [INFO] PinOutPanel:1499 - setPackage(No Configuration,No Configuration)
2024-01-17 03:09:02,436 [INFO] CADModel:165 - CPN selected for project level
2024-01-17 03:09:02,436 [INFO] CADModel:114 - Register for checkConnection events
2024-01-17 03:09:02,572 [INFO] IPUIPlugin:80 - create IPUIPlugin
2024-01-17 03:09:02,572 [INFO] PluginManager:220 - loadIPPluginJar : add adc
2024-01-17 03:09:02,627 [INFO] IPUIPlugin:80 - create IPUIPlugin
2024-01-17 03:09:02,627 [INFO] PluginManager:220 - loadIPPluginJar : add aes
2024-01-17 03:09:02,698 [INFO] IPUIPlugin:80 - create IPUIPlugin
2024-01-17 03:09:02,698 [INFO] PluginManager:220 - loadIPPluginJar : add can
2024-01-17 03:09:02,787 [INFO] IPUIPlugin:80 - create IPUIPlugin
2024-01-17 03:09:02,787 [INFO] PluginManager:220 - loadIPPluginJar : add comp
2024-01-17 03:09:02,852 [INFO] IPUIPlugin:80 - create IPUIPlugin
2024-01-17 03:09:02,853 [INFO] PluginManager:220 - loadIPPluginJar : add cryp
2024-01-17 03:09:02,913 [INFO] IPUIPlugin:80 - create IPUIPlugin
2024-01-17 03:09:02,914 [INFO] PluginManager:220 - loadIPPluginJar : add dfsdm
2024-01-17 03:09:02,957 [INFO] IPUIPlugin:80 - create IPUIPlugin
2024-01-17 03:09:02,958 [INFO] PluginManager:220 - loadIPPluginJar : add dma
2024-01-17 03:09:03,075 [INFO] IPUIPlugin:80 - create IPUIPlugin
2024-01-17 03:09:03,075 [INFO] PluginManager:220 - loadIPPluginJar : add dma3
2024-01-17 03:09:03,141 [INFO] IPUIPlugin:80 - create IPUIPlugin
2024-01-17 03:09:03,141 [INFO] PluginManager:220 - loadIPPluginJar : add fatfs
2024-01-17 03:09:03,227 [INFO] IPUIPlugin:80 - create IPUIPlugin
2024-01-17 03:09:03,227 [INFO] PluginManager:220 - loadIPPluginJar : add fmc
2024-01-17 03:09:03,275 [INFO] IPUIPlugin:80 - create IPUIPlugin
2024-01-17 03:09:03,275 [INFO] PluginManager:220 - loadIPPluginJar : add freertos
2024-01-17 03:09:03,313 [INFO] IPUIPlugin:80 - create IPUIPlugin
2024-01-17 03:09:03,313 [INFO] PluginManager:220 - loadIPPluginJar : add genericplugin
2024-01-17 03:09:03,472 [INFO] IPUIPlugin:80 - create IPUIPlugin
2024-01-17 03:09:03,473 [INFO] PluginManager:220 - loadIPPluginJar : add gfxmmu
2024-01-17 03:09:03,679 [INFO] IPUIPlugin:80 - create IPUIPlugin
2024-01-17 03:09:03,679 [INFO] PluginManager:220 - loadIPPluginJar : add gic
2024-01-17 03:09:03,711 [INFO] IPUIPlugin:80 - create IPUIPlugin
2024-01-17 03:09:03,712 [INFO] PluginManager:220 - loadIPPluginJar : add gpio
2024-01-17 03:09:03,835 [INFO] IPUIPlugin:80 - create IPUIPlugin
2024-01-17 03:09:03,836 [INFO] PluginManager:220 - loadIPPluginJar : add gtzc
2024-01-17 03:09:03,920 [INFO] IPUIPlugin:80 - create IPUIPlugin
2024-01-17 03:09:03,921 [INFO] PluginManager:220 - loadIPPluginJar : add hash
2024-01-17 03:09:03,993 [INFO] IPUIPlugin:80 - create IPUIPlugin
2024-01-17 03:09:03,993 [INFO] PluginManager:220 - loadIPPluginJar : add i2c
2024-01-17 03:09:04,050 [INFO] IPUIPlugin:80 - create IPUIPlugin
2024-01-17 03:09:04,051 [INFO] PluginManager:220 - loadIPPluginJar : add i2s
2024-01-17 03:09:04,116 [INFO] IPUIPlugin:80 - create IPUIPlugin
2024-01-17 03:09:04,116 [INFO] PluginManager:220 - loadIPPluginJar : add i3c
2024-01-17 03:09:04,301 [INFO] IPUIPlugin:80 - create IPUIPlugin
2024-01-17 03:09:04,301 [INFO] PluginManager:220 - loadIPPluginJar : add ipddr
2024-01-17 03:09:04,419 [INFO] IPUIPlugin:80 - create IPUIPlugin
2024-01-17 03:09:04,419 [INFO] PluginManager:220 - loadIPPluginJar : add linkedlist
2024-01-17 03:09:04,443 [INFO] ThirdPartyUpdaterWithRetryManager:70 - Updater plugin not ready yet. [2/15]
2024-01-17 03:09:04,518 [INFO] IPUIPlugin:80 - create IPUIPlugin
2024-01-17 03:09:04,519 [INFO] PluginManager:220 - loadIPPluginJar : add lorawan
2024-01-17 03:09:04,622 [INFO] IPUIPlugin:80 - create IPUIPlugin
2024-01-17 03:09:04,622 [INFO] PluginManager:220 - loadIPPluginJar : add ltdc
2024-01-17 03:09:04,681 [INFO] IPUIPlugin:80 - create IPUIPlugin
2024-01-17 03:09:04,681 [INFO] PluginManager:220 - loadIPPluginJar : add mdma
2024-01-17 03:09:04,714 [INFO] IPUIPlugin:80 - create IPUIPlugin
2024-01-17 03:09:04,714 [INFO] PluginManager:220 - loadIPPluginJar : add nvic
2024-01-17 03:09:04,774 [INFO] IPUIPlugin:80 - create IPUIPlugin
2024-01-17 03:09:04,774 [INFO] PluginManager:220 - loadIPPluginJar : add opamp
2024-01-17 03:09:04,871 [INFO] IPUIPlugin:80 - create IPUIPlugin
2024-01-17 03:09:04,871 [INFO] PluginManager:220 - loadIPPluginJar : add openamp
2024-01-17 03:09:04,961 [INFO] IPUIPlugin:80 - create IPUIPlugin
2024-01-17 03:09:04,961 [INFO] PluginManager:220 - loadIPPluginJar : add pdm2pcm
2024-01-17 03:09:04,996 [INFO] IPUIPlugin:80 - create IPUIPlugin
2024-01-17 03:09:05,000 [INFO] PluginManager:220 - loadIPPluginJar : add plateformsettings
2024-01-17 03:09:05,052 [INFO] IPUIPlugin:80 - create IPUIPlugin
2024-01-17 03:09:05,052 [INFO] PluginManager:220 - loadIPPluginJar : add quadspi
2024-01-17 03:09:05,102 [INFO] IPUIPlugin:80 - create IPUIPlugin
2024-01-17 03:09:05,102 [INFO] PluginManager:220 - loadIPPluginJar : add resmgrutility
2024-01-17 03:09:05,205 [INFO] IPUIPlugin:80 - create IPUIPlugin
2024-01-17 03:09:05,205 [INFO] PluginManager:220 - loadIPPluginJar : add sai
2024-01-17 03:09:05,476 [INFO] IPUIPlugin:80 - create IPUIPlugin
2024-01-17 03:09:05,476 [INFO] PluginManager:220 - loadIPPluginJar : add spi
2024-01-17 03:09:05,575 [INFO] IPUIPlugin:80 - create IPUIPlugin
2024-01-17 03:09:05,575 [INFO] PluginManager:220 - loadIPPluginJar : add stm32_wpan
2024-01-17 03:09:05,614 [INFO] IPUIPlugin:80 - create IPUIPlugin
2024-01-17 03:09:05,614 [INFO] PluginManager:220 - loadIPPluginJar : add tim
2024-01-17 03:09:05,710 [INFO] IPUIPlugin:80 - create IPUIPlugin
2024-01-17 03:09:05,710 [INFO] PluginManager:220 - loadIPPluginJar : add touchsensing
2024-01-17 03:09:05,751 [INFO] IPUIPlugin:80 - create IPUIPlugin
2024-01-17 03:09:05,751 [INFO] PluginManager:220 - loadIPPluginJar : add tracer_emb
2024-01-17 03:09:05,839 [INFO] IPUIPlugin:80 - create IPUIPlugin
2024-01-17 03:09:05,839 [INFO] PluginManager:220 - loadIPPluginJar : add ts
2024-01-17 03:09:05,882 [INFO] IPUIPlugin:80 - create IPUIPlugin
2024-01-17 03:09:05,882 [INFO] PluginManager:220 - loadIPPluginJar : add tsc
2024-01-17 03:09:05,930 [INFO] IPUIPlugin:80 - create IPUIPlugin
2024-01-17 03:09:05,930 [INFO] PluginManager:220 - loadIPPluginJar : add ucpd
2024-01-17 03:09:06,000 [INFO] IPUIPlugin:80 - create IPUIPlugin
2024-01-17 03:09:06,001 [INFO] PluginManager:220 - loadIPPluginJar : add usart
2024-01-17 03:09:06,079 [INFO] IPUIPlugin:80 - create IPUIPlugin
2024-01-17 03:09:06,079 [INFO] PluginManager:220 - loadIPPluginJar : add usbx
2024-01-17 03:09:06,291 [INFO] CADModel:165 - CPN selected for project level
2024-01-17 03:09:06,291 [INFO] CADModel:114 - Register for checkConnection events
2024-01-17 03:09:06,291 [FATAL] Updater:308 - Updater called before beeing initialized
2024-01-17 03:09:06,291 [ERROR] CADModel:125 - Updater not yet initialized, retry later 
2024-01-17 03:09:06,847 [INFO] CADModel:165 - CPN selected for project level
2024-01-17 03:09:06,847 [INFO] CADModel:114 - Register for checkConnection events
2024-01-17 03:09:06,847 [FATAL] Updater:308 - Updater called before beeing initialized
2024-01-17 03:09:06,847 [ERROR] CADModel:125 - Updater not yet initialized, retry later 
2024-01-17 03:09:06,859 [FATAL] Updater:308 - Updater called before beeing initialized
2024-01-17 03:09:07,010 [FATAL] Updater:308 - Updater called before beeing initialized
2024-01-17 03:09:07,023 [INFO] DbMcusAds:53 - JSON generation date=Wed Nov 29 11:52:27 CET 2023 (1701255147349)
2024-01-17 03:09:07,024 [FATAL] Updater:308 - Updater called before beeing initialized
2024-01-17 03:09:07,386 [WARN] DetailPanel:346 - Failed to get advertising image, set to default
2024-01-17 03:09:07,446 [INFO] ThirdPartyUpdaterWithRetryManager:70 - Updater plugin not ready yet. [3/15]
2024-01-17 03:09:07,531 [FATAL] Updater:308 - Updater called before beeing initialized
2024-01-17 03:09:07,534 [FATAL] Updater:308 - Updater called before beeing initialized
2024-01-17 03:09:07,534 [FATAL] Updater:308 - Updater called before beeing initialized
2024-01-17 03:09:07,534 [WARN] DetailPanel:346 - Failed to get advertising image, set to default
2024-01-17 03:09:07,536 [FATAL] Updater:308 - Updater called before beeing initialized
2024-01-17 03:09:07,793 [ERROR] Updater:1120 - MainUpdater not yet initialized. External WinMGr cannot be set.
2024-01-17 03:09:07,823 [INFO] Updater:1056 - Updater Version found : 6.9.2
2024-01-17 03:09:07,867 [INFO] ApplicationProperties:184 - Using Application install path: C:\ST\STM32CubeIDE_1.13.2\STM32CubeIDE\plugins\com.st.stm32cube.common.mx_6.9.2.202309101412
2024-01-17 03:09:09,044 [INFO] MainUpdater:2868 - connection check result : 10
2024-01-17 03:09:09,045 [INFO] MainUpdater:285 - Updater Check For Update Now.
2024-01-17 03:09:09,045 [INFO] MicroXplorer:498 - Change Database Version : DB.6.0.92
2024-01-17 03:09:09,164 [INFO] McuFinderGlobals:63 - Set McuFinder mode to 2 (CubeIDE integrated)
2024-01-17 03:09:09,165 [INFO] UserAuth:179 - activating auth plugin
2024-01-17 03:09:09,213 [INFO] UserAuth:393 - Internet connection configuration mode: 1
2024-01-17 03:09:09,535 [INFO] JxBrowserEngine:151 - Initiate JxBrowser Engine with user profile folder
2024-01-17 03:09:09,598 [INFO] CheckServerUpdateThread:120 - End of CheckServer Thread
2024-01-17 03:09:09,714 [INFO] MainUpdater:2868 - connection check result : 10
2024-01-17 03:09:09,758 [INFO] MainUpdater:2868 - connection check result : 10
2024-01-17 03:09:11,193 [INFO] MicroXplorer:468 - Change Database Path : 
2024-01-17 03:09:11,193 [INFO] MicroXplorer:498 - Change Database Version : DB.6.0.92
2024-01-17 03:09:11,227 [WARN] ThirdParty:871 - waiting for thirdparty lock release [close project]
2024-01-17 03:09:12,565 [WARN] PackLoader:240 - Cannot read IP mode file for STMicroelectronics.X-CUBE-SMBUS.2.1.0
2024-01-17 03:09:12,634 [WARN] PackLoader:240 - Cannot read IP mode file for STMicroelectronics.X-CUBE-TOUCHGFX.4.23.0
2024-01-17 03:09:12,727 [WARN] PackLoader:240 - Cannot read IP mode file for STMicroelectronics.X-CUBE-AZRTOS-F7.1.1.0
2024-01-17 03:09:12,803 [WARN] PackLoader:240 - Cannot read IP mode file for STMicroelectronics.FP-SNS-MOTENV1.4.3.2
2024-01-17 03:09:12,909 [WARN] PackLoader:240 - Cannot read IP mode file for STMicroelectronics.FP-SNS-FLIGHT1.5.0.2
2024-01-17 03:09:13,012 [WARN] PackLoader:240 - Cannot read IP mode file for STMicroelectronics.X-CUBE-DISPLAY.3.0.0
2024-01-17 03:09:13,091 [WARN] PackLoader:240 - Cannot read IP mode file for STMicroelectronics.X-CUBE-BLE1.7.0.0
2024-01-17 03:09:13,119 [WARN] PackLoader:240 - Cannot read IP mode file for emotas.I-CUBE-CANOPEN.1.3.0
2024-01-17 03:09:13,157 [WARN] PackLoader:240 - Cannot read IP mode file for STMicroelectronics.X-CUBE-TOUCHGFX.4.22.1
2024-01-17 03:09:13,184 [WARN] PackLoader:240 - Cannot read IP mode file for STMicroelectronics.FP-SNS-SMARTAG2.1.2.0
2024-01-17 03:09:13,230 [INFO] LogOutputStream:77 - [STDOUT_REDIRECT] 1 : Invalid condition id : UX_CORESTACK_Condition cause : null
2024-01-17 03:09:13,231 [INFO] LogOutputStream:77 - [STDOUT_REDIRECT] 1 : Invalid condition id : UX_CORESTACK_Condition cause : null
2024-01-17 03:09:13,233 [INFO] LogOutputStream:77 - [STDOUT_REDIRECT] 1 : Invalid condition id : UX_CORESTACK_Condition cause : null
2024-01-17 03:09:13,235 [INFO] LogOutputStream:77 - [STDOUT_REDIRECT] 1 : Invalid condition id : UX_CORESTACK_Condition cause : null
2024-01-17 03:09:13,237 [INFO] LogOutputStream:77 - [STDOUT_REDIRECT] 1 : Invalid condition id : UX_CORESTACK_Condition cause : null
2024-01-17 03:09:13,241 [WARN] PackLoader:240 - Cannot read IP mode file for STMicroelectronics.X-CUBE-AZRTOS-WL.2.0.0
2024-01-17 03:09:13,297 [WARN] PackLoader:240 - Cannot read IP mode file for WES.I-CUBE-Cesium.1.3.0
2024-01-17 03:09:13,344 [WARN] PackLoader:240 - Cannot read IP mode file for STMicroelectronics.X-CUBE-BLE2.3.3.0
2024-01-17 03:09:13,497 [WARN] PackLoader:240 - Cannot read IP mode file for STMicroelectronics.X-CUBE-ALGOBUILD.1.3.0
2024-01-17 03:09:13,571 [WARN] PackLoader:240 - Cannot read IP mode file for STMicroelectronics.X-CUBE-AZRTOS-G0.1.1.0
2024-01-17 03:09:13,606 [WARN] PackLoader:240 - Cannot read IP mode file for STMicroelectronics.X-CUBE-NFC4.3.0.0
2024-01-17 03:09:13,667 [WARN] PackLoader:240 - Cannot read IP mode file for STMicroelectronics.X-CUBE-BLEMGR.3.0.0
2024-01-17 03:09:13,710 [WARN] PackLoader:240 - Cannot read IP mode file for STMicroelectronics.FP-ATR-SIGFOX1.3.2.0
2024-01-17 03:09:13,737 [WARN] PackLoader:240 - Cannot read IP mode file for STMicroelectronics.X-CUBE-GNSS1.6.0.0
2024-01-17 03:09:13,802 [WARN] PackLoader:240 - Cannot read IP mode file for STMicroelectronics.X-CUBE-AZRTOS-F4.1.1.0
2024-01-17 03:09:13,936 [WARN] PackLoader:240 - Cannot read IP mode file for wolfSSL.I-CUBE-wolfSSL.5.6.3
2024-01-17 03:09:14,059 [WARN] PackLoader:240 - Cannot read IP mode file for STMicroelectronics.X-CUBE-AZRTOS-L5.2.0.0
2024-01-17 03:09:14,173 [WARN] PackLoader:240 - Cannot read IP mode file for STMicroelectronics.X-CUBE-EEPRMA1.4.2.0
2024-01-17 03:09:14,433 [WARN] PackLoader:240 - Cannot read IP mode file for ITTIA_DB.I-CUBE-ITTIADB.8.8.0
2024-01-17 03:09:14,469 [WARN] PackLoader:240 - Cannot read IP mode file for STMicroelectronics.X-CUBE-BLEMGR.2.0.0
2024-01-17 03:09:14,700 [WARN] ConditionMgr:438 - getConditionDescription Invalid condition id : UX DEVICE CLASS RTOS Condition cause : null
2024-01-17 03:09:14,701 [WARN] ConditionMgr:438 - getConditionDescription Invalid condition id : UX DEVICE CLASS RTOS Condition cause : null
2024-01-17 03:09:14,713 [WARN] PackLoader:240 - Cannot read IP mode file for STMicroelectronics.X-CUBE-AZRTOS-H7.3.1.0
2024-01-17 03:09:14,714 [WARN] ConditionMgr:1039 - genDependencies : Invalid condition id : UX DEVICE CLASS RTOS Condition cause : null
2024-01-17 03:09:14,715 [WARN] ConditionMgr:1039 - genDependencies : Invalid condition id : UX DEVICE CLASS RTOS Condition cause : null
2024-01-17 03:09:14,715 [WARN] ConditionMgr:1039 - genDependencies : Invalid condition id : UX DEVICE CLASS RTOS Condition cause : null
2024-01-17 03:09:14,716 [WARN] ConditionMgr:1039 - genDependencies : Invalid condition id : UX DEVICE CLASS RTOS Condition cause : null
2024-01-17 03:09:14,716 [WARN] ConditionMgr:1039 - genDependencies : Invalid condition id : UX DEVICE CLASS RTOS Condition cause : null
2024-01-17 03:09:14,805 [WARN] PackLoader:240 - Cannot read IP mode file for STMicroelectronics.X-CUBE-NFC7.1.0.1
2024-01-17 03:09:14,975 [WARN] PackLoader:240 - Cannot read IP mode file for STMicroelectronics.X-CUBE-NFC6.3.0.0
2024-01-17 03:09:15,069 [WARN] PackLoader:240 - Cannot read IP mode file for STMicroelectronics.X-CUBE-AI.8.1.0
2024-01-17 03:09:15,262 [WARN] ConditionMgr:438 - getConditionDescription Invalid condition id : LAN8742 Phy interface Condition cause : null
2024-01-17 03:09:15,266 [WARN] PackLoader:240 - Cannot read IP mode file for STMicroelectronics.X-CUBE-AZRTOS-L4.2.0.0
2024-01-17 03:09:15,274 [WARN] ConditionMgr:1039 - genDependencies : Invalid condition id : LAN8742 Phy interface Condition cause : null
2024-01-17 03:09:15,275 [WARN] ConditionMgr:1039 - genDependencies : Invalid condition id : LAN8742 Phy interface Condition cause : null
2024-01-17 03:09:15,277 [WARN] ConditionMgr:1039 - genDependencies : Invalid condition id : LAN8742 Phy interface Condition cause : null
2024-01-17 03:09:15,401 [WARN] PackLoader:240 - Cannot read IP mode file for STMicroelectronics.X-CUBE-SFXS2LP1.4.0.0
2024-01-17 03:09:15,435 [WARN] PackLoader:240 - Cannot read IP mode file for STMicroelectronics.X-CUBE-ISPU.1.1.0
2024-01-17 03:09:15,512 [WARN] ConditionMgr:438 - getConditionDescription Invalid condition id : UX DEVICE CLASS RTOS Condition cause : null
2024-01-17 03:09:15,513 [WARN] ConditionMgr:438 - getConditionDescription Invalid condition id : UX DEVICE CLASS RTOS Condition cause : null
2024-01-17 03:09:15,516 [WARN] PackLoader:240 - Cannot read IP mode file for STMicroelectronics.X-CUBE-AZRTOS-WB.2.0.0
2024-01-17 03:09:15,518 [WARN] ConditionMgr:1039 - genDependencies : Invalid condition id : UX DEVICE CLASS RTOS Condition cause : null
2024-01-17 03:09:15,520 [WARN] ConditionMgr:1039 - genDependencies : Invalid condition id : UX DEVICE CLASS RTOS Condition cause : null
2024-01-17 03:09:15,521 [WARN] ConditionMgr:1039 - genDependencies : Invalid condition id : UX DEVICE CLASS RTOS Condition cause : null
2024-01-17 03:09:15,522 [WARN] ConditionMgr:1039 - genDependencies : Invalid condition id : UX DEVICE CLASS RTOS Condition cause : null
2024-01-17 03:09:15,522 [WARN] ConditionMgr:1039 - genDependencies : Invalid condition id : UX DEVICE CLASS RTOS Condition cause : null
2024-01-17 03:09:15,613 [WARN] PackLoader:240 - Cannot read IP mode file for STMicroelectronics.X-CUBE-SUBG2.5.0.0
2024-01-17 03:09:15,713 [WARN] PackLoader:240 - Cannot read IP mode file for STMicroelectronics.X-CUBE-TOF1.3.3.1
2024-01-17 03:09:16,318 [WARN] PackLoader:240 - Cannot read IP mode file for STMicroelectronics.X-CUBE-AZRTOS-G4.2.0.0
2024-01-17 03:09:17,011 [WARN] PackLoader:240 - Cannot read IP mode file for Infineon.AIROC-Wi-Fi-Bluetooth-STM32.1.5.1
2024-01-17 03:09:17,161 [WARN] PackLoader:240 - Cannot read IP mode file for STMicroelectronics.FP-SNS-MOTENVWB1.1.3.0
2024-01-17 03:09:17,235 [WARN] PackLoader:240 - Cannot read IP mode file for STMicroelectronics.FP-SNS-MOTENVWB1.1.3.1
2024-01-17 03:09:17,339 [WARN] PackLoader:240 - Cannot read IP mode file for STMicroelectronics.X-CUBE-ISPU.2.0.0
2024-01-17 03:09:17,641 [WARN] PackLoader:240 - Cannot read IP mode file for STMicroelectronics.X-CUBE-MEMS1.10.0.0
2024-01-17 03:09:17,894 [WARN] PackLoader:240 - Cannot read IP mode file for STMicroelectronics.X-CUBE-FREERTOS.1.1.0
2024-01-17 03:09:17,925 [WARN] PackLoader:240 - Cannot read IP mode file for portGmbH.I-Cube-SoM-uGOAL.1.1.0
2024-01-17 03:09:18,013 [WARN] PackLoader:240 - Cannot read IP mode file for STMicroelectronics.X-CUBE-ALS.1.0.1
2024-01-17 03:09:18,102 [WARN] PackLoader:240 - Cannot read IP mode file for STMicroelectronics.FP-ATR-ASTRA1.2.0.0
2024-01-17 03:09:18,240 [WARN] PackLoader:240 - Cannot read IP mode file for STMicroelectronics.X-CUBE-TOF1.3.4.0
2024-01-17 03:09:18,345 [WARN] PackLoader:240 - Cannot read IP mode file for STMicroelectronics.X-CUBE-AZRTOS-H7.3.2.0
2024-01-17 03:09:18,348 [INFO] ThirdParty:978 - Integrity check success = true
2024-01-17 03:09:18,349 [INFO] IntegrityCheckThread:100 - exiting critical section [integrity check]
2024-01-17 03:09:18,349 [INFO] IntegrityCheckThread:103 - End integrity checks thread
2024-01-17 03:09:18,349 [INFO] ThirdParty:873 - entering critical section [close project]
2024-01-17 03:09:18,350 [INFO] ThirdParty:883 - exiting critical section [close project]
2024-01-17 03:09:18,353 [INFO] PinOutPanel:1499 - setPackage(No Configuration,No Configuration)
2024-01-17 03:09:18,360 [INFO] UtilMem:75 - Begin LoadConfig() Used Memory: 120712144 Bytes (268435456)
2024-01-17 03:09:18,361 [INFO] MicroXplorer:468 - Change Database Path : 
2024-01-17 03:09:18,361 [INFO] MicroXplorer:498 - Change Database Version : DB.6.0.92
2024-01-17 03:09:18,361 [INFO] OpenFileManager:308 - Change cursor
2024-01-17 03:09:18,638 [INFO] Mcu:1946 - Initializing MCU STM32F746ZGTx STM32F746ZGTx STM32F746ZGT6
2024-01-17 03:09:27,777 [INFO] Context:659 - Trying to add GPIOservice into a context  which must be forbidden
2024-01-17 03:09:32,551 [INFO] WebApp:157 - Instantiating new browser for Auth
2024-01-17 03:09:33,674 [INFO] RtosManager:555 - Registered RTOS mode: class=CMSIS, group=RTOS, mode=CMSIS_V1, owner=FREERTOS
2024-01-17 03:09:33,674 [INFO] RtosManager:555 - Registered RTOS mode: class=CMSIS, group=RTOS2, mode=CMSIS_V2, owner=FREERTOS
2024-01-17 03:09:33,674 [INFO] RtosManager:555 - Registered RTOS mode: class=RTOS, group=Core, mode=CMSIS_V1, owner=FREERTOS
2024-01-17 03:09:33,675 [INFO] RtosManager:555 - Registered RTOS mode: class=RTOS, group=Core, mode=CMSIS_V2, owner=FREERTOS
2024-01-17 03:09:33,675 [WARN] ModelIntegratedComponent:184 - Missing modes for component STMicroelectronics:FreeRTOS:0.0.1:STMicroelectronics:RTOS:FreeRTOS:Core:::10.2.0:
2024-01-17 03:09:33,781 [WARN] ModelIntegratedComponent:63 - No mode defined for component null
2024-01-17 03:09:33,781 [WARN] ModelIntegratedComponent:63 - No mode defined for component null
2024-01-17 03:09:33,781 [WARN] ModelIntegratedComponent:63 - No mode defined for component null
2024-01-17 03:09:33,781 [WARN] ModelIntegratedComponent:63 - No mode defined for component null
2024-01-17 03:09:33,782 [WARN] ModelIntegratedComponent:63 - No mode defined for component null
2024-01-17 03:09:33,782 [WARN] ModelIntegratedComponent:63 - No mode defined for component null
2024-01-17 03:09:33,782 [WARN] ModelIntegratedComponent:63 - No mode defined for component null
2024-01-17 03:09:33,782 [WARN] ModelIntegratedComponent:63 - No mode defined for component null
2024-01-17 03:09:33,782 [WARN] ModelIntegratedComponent:63 - No mode defined for component null
2024-01-17 03:09:33,782 [WARN] ModelIntegratedComponent:63 - No mode defined for component null
2024-01-17 03:09:33,782 [WARN] ModelIntegratedComponent:63 - No mode defined for component null
2024-01-17 03:09:33,782 [WARN] ModelIntegratedComponent:63 - No mode defined for component null
2024-01-17 03:09:33,782 [WARN] ModelIntegratedComponent:63 - No mode defined for component null
2024-01-17 03:09:33,782 [WARN] ModelIntegratedComponent:63 - No mode defined for component null
2024-01-17 03:09:33,782 [WARN] ModelIntegratedComponent:63 - No mode defined for component null
2024-01-17 03:09:33,782 [WARN] ModelIntegratedComponent:63 - No mode defined for component null
2024-01-17 03:09:33,782 [WARN] ModelIntegratedComponent:63 - No mode defined for component null
2024-01-17 03:09:33,783 [WARN] ModelIntegratedComponent:63 - No mode defined for component null
2024-01-17 03:09:33,783 [WARN] ModelIntegratedComponent:63 - No mode defined for component null
2024-01-17 03:09:33,783 [WARN] ModelIntegratedComponent:63 - No mode defined for component null
2024-01-17 03:09:33,783 [WARN] ModelIntegratedComponent:63 - No mode defined for component null
2024-01-17 03:09:33,783 [WARN] ModelIntegratedComponent:63 - No mode defined for component null
2024-01-17 03:09:33,783 [WARN] ModelIntegratedComponent:63 - No mode defined for component null
2024-01-17 03:09:33,783 [WARN] ModelIntegratedComponent:63 - No mode defined for component null
2024-01-17 03:09:33,783 [WARN] ModelIntegratedComponent:63 - No mode defined for component null
2024-01-17 03:09:33,783 [WARN] ModelIntegratedComponent:63 - No mode defined for component null
2024-01-17 03:09:33,783 [WARN] ModelIntegratedComponent:63 - No mode defined for component null
2024-01-17 03:09:33,783 [WARN] ModelIntegratedComponent:63 - No mode defined for component null
2024-01-17 03:09:33,783 [WARN] ModelIntegratedComponent:63 - No mode defined for component null
2024-01-17 03:09:33,784 [WARN] ModelIntegratedComponent:63 - No mode defined for component null
2024-01-17 03:09:33,784 [WARN] ModelIntegratedComponent:63 - No mode defined for component null
2024-01-17 03:09:33,784 [WARN] ModelIntegratedComponent:63 - No mode defined for component null
2024-01-17 03:09:33,784 [WARN] ModelIntegratedComponent:63 - No mode defined for component null
2024-01-17 03:09:34,041 [INFO] ThirdPartyModel:298 - Start build external matchings
2024-01-17 03:09:34,596 [INFO] ThirdPartyModel:316 - End build external matchings
2024-01-17 03:09:34,622 [INFO] ImportTextPane:194 - (OptionalMessage_ERROR) IP (RCC) : Invalid parameter (48MHZClocksFreq_Value)
2024-01-17 03:09:34,622 [INFO] ImportTextPane:194 - (OptionalMessage_ERROR) IP (RCC) : Invalid parameter (ADC12outputFreq_Value)
2024-01-17 03:09:34,622 [INFO] ImportTextPane:194 - (OptionalMessage_ERROR) IP (RCC) : Invalid parameter (ADC34outputFreq_Value)
2024-01-17 03:09:34,623 [INFO] ImportTextPane:194 - (OptionalMessage_ERROR) IP (RCC) : Invalid parameter (FamilyName)
2024-01-17 03:09:34,623 [INFO] ImportTextPane:194 - (OptionalMessage_ERROR) IP (RCC) : Invalid parameter (I2SClocksFreq_Value)
2024-01-17 03:09:34,623 [INFO] ImportTextPane:194 - (OptionalMessage_ERROR) IP (RCC) : Parameter (LCDTFToutputFreq_Value) has invalid value (96000000)
2024-01-17 03:09:34,624 [INFO] ImportTextPane:194 - (OptionalMessage_ERROR) IP (RCC) : Invalid parameter (MCOFreq_Value)
2024-01-17 03:09:34,625 [INFO] ImportTextPane:194 - (OptionalMessage_ERROR) IP (RCC) : Invalid parameter (PLLMCOFreq_Value)
2024-01-17 03:09:34,625 [INFO] ImportTextPane:194 - (OptionalMessage_ERROR) IP (RCC) : Invalid parameter (PLLMUL)
2024-01-17 03:09:34,625 [INFO] ImportTextPane:194 - (OptionalMessage_ERROR) IP (RCC) : Invalid parameter (PRESCALERUSB)
2024-01-17 03:09:34,626 [INFO] ImportTextPane:194 - (OptionalMessage_ERROR) IP (RCC) : Invalid parameter (RTCHSEDivFreq_Value)
2024-01-17 03:09:34,626 [INFO] ImportTextPane:194 - (OptionalMessage_ERROR) IP (RCC) : Parameter (SDMMCFreq_Value) has invalid value (72000000)
2024-01-17 03:09:34,626 [INFO] ImportTextPane:194 - (OptionalMessage_ERROR) IP (RCC) : Invalid parameter (SYSCLKSourceVirtual)
2024-01-17 03:09:34,626 [INFO] ImportTextPane:194 - (OptionalMessage_ERROR) IP (RCC) : Invalid parameter (TIM15Freq_Value)
2024-01-17 03:09:34,626 [INFO] ImportTextPane:194 - (OptionalMessage_ERROR) IP (RCC) : Invalid parameter (TIM16Freq_Value)
2024-01-17 03:09:34,626 [INFO] ImportTextPane:194 - (OptionalMessage_ERROR) IP (RCC) : Invalid parameter (TIM17Freq_Value)
2024-01-17 03:09:34,626 [INFO] ImportTextPane:194 - (OptionalMessage_ERROR) IP (RCC) : Invalid parameter (TIM1Freq_Value)
2024-01-17 03:09:34,626 [INFO] ImportTextPane:194 - (OptionalMessage_ERROR) IP (RCC) : Invalid parameter (TIM20Freq_Value)
2024-01-17 03:09:34,626 [INFO] ImportTextPane:194 - (OptionalMessage_ERROR) IP (RCC) : Invalid parameter (TIM2Freq_Value)
2024-01-17 03:09:34,626 [INFO] ImportTextPane:194 - (OptionalMessage_ERROR) IP (RCC) : Invalid parameter (TIM3Freq_Value)
2024-01-17 03:09:34,627 [INFO] ImportTextPane:194 - (OptionalMessage_ERROR) IP (RCC) : Invalid parameter (TIM8Freq_Value)
2024-01-17 03:09:34,628 [INFO] ImportTextPane:194 - (OptionalMessage_ERROR) IP (RCC) : Invalid parameter (VCOOutput2Freq_Value)
2024-01-17 03:09:34,628 [INFO] ImportTextPane:194 - (OptionalMessage_ERROR) IP (RCC) : Invalid parameter (VcooutputI2S)
2024-01-17 03:09:35,412 [INFO] UtilMem:75 - End LoadConfig() Used Memory: 318961072 Bytes (670040064)
2024-01-17 03:09:40,579 [INFO] WebApp:753 - Register for checkConnection events
2024-01-17 03:09:40,580 [INFO] WebApp:390 - Apply proxy settings
2024-01-17 03:09:40,580 [INFO] WebApp:475 - Chromium requires no authentication
2024-01-17 03:09:40,591 [INFO] WebApp:418 - Direct internet connection detected
2024-01-17 03:09:40,872 [INFO] WebApp:188 - Starting web application
2024-01-17 03:09:40,873 [INFO] WebApp:520 - Web application path used C:\ST\STM32CubeIDE_1.13.2\STM32CubeIDE\plugins\com.st.stm32cube.common.mx_6.9.2.202309101412\db\plugins\mcufinder\reactClient1\index.html
2024-01-17 03:10:10,950 [INFO] ApiDb:581 - Connected to CubeFinder SQLite database (C:\Users\GamingSystemOfUseV\.stmcufinder\plugins\mcufinder\mcu\cube-finder-db.db)
2024-01-17 03:10:13,343 [INFO] ApiDb:668 - CubeFinder database Data Model version=2.1
2024-01-17 03:10:13,344 [INFO] ApiDb:669 - CubeFinder database Configuration version=3.0.39
2024-01-17 03:10:13,344 [INFO] ApiDb:670 - CubeFinder database generation date=2023-12-08 (1702028721)
2024-01-17 03:10:13,345 [INFO] ApiDb:671 - CubeFinder database FW Pack versions=[FP-ATR-ASTRA1_V2.0.0, FP-SNS-FLIGHT1_V5.0.1, FP-SNS-FLIGHT1_V5.0.2, FP-SNS-MOTENV1_V4.3.1, FP-SNS-MOTENV1_V4.3.2, FP-SNS-MOTENVWB1_V1.3.1, FP-SNS-SMARTAG2_V1.2.0, STM32Cube_FW_C0_V1.1.0, STM32Cube_FW_F4_V1.28.0, STM32Cube_FW_F7_V1.17.0, STM32Cube_FW_G0_V1.6.1, STM32Cube_FW_G4_V1.5.1, STM32Cube_FW_H5_V0.5.1, STM32Cube_FW_H5_V1.1.1, STM32Cube_FW_H5_V1.2.0RC2, STM32Cube_FW_H7_V1.11.0, STM32Cube_FW_L0_V1.12.2, STM32Cube_FW_L5_V1.5.0, STM32Cube_FW_U5_V1.3.0RC4, STM32Cube_FW_U5_V1.4.0, STM32Cube_FW_WBA_V1.0.0RC1, STM32Cube_FW_WBA_V1.1.0RC1, STM32Cube_FW_WBA_V1.2.0, STM32Cube_FW_WBA_V1.2.0RC2, STM32Cube_FW_WB_V1.15.0RC1, STM32Cube_FW_WB_V1.16.0, STM32Cube_FW_WB_V1.16.0RC2, STM32Cube_FW_WB_V1.18.0, STM32Cube_FW_WL_V1.3.0, X-CUBE-ALGOBUILD_V1.3.0, X-CUBE-ALS_V1.0.1, X-CUBE-AZRTOS-F4_V1.1.0, X-CUBE-AZRTOS-F7_V1.1.0, X-CUBE-AZRTOS-G0_V1.1.0, X-CUBE-AZRTOS-G4_V2.0.0, X-CUBE-AZRTOS-H7_V3.1.0, X-CUBE-AZRTOS-L4_V1.0.0, X-CUBE-AZRTOS-L4_V2.0.0, X-CUBE-AZRTOS-L5_V1.1.0, X-CUBE-AZRTOS-WB_V2.0.0, X-CUBE-AZRTOS-WL_V2.0.0, X-CUBE-BLE1_V7.0.0, X-CUBE-BLE2_V3.3.0, X-CUBE-BLEMGR_V3.0.0, X-CUBE-EEPRMA1_V4.1.0, X-CUBE-EEPRMA1_V4.2.0, X-CUBE-FREERTOS_V1.1.0, X-CUBE-GNSS1_V6.0.0, X-CUBE-MEMS1_V10.0.0, X-CUBE-MEMS1_V9.1.0, X-CUBE-MEMS1_V9.4.0, X-CUBE-MEMS1_V9.6.0, X-CUBE-NFC4_V3.0.0, X-CUBE-NFC7_V1.0.1, X-CUBE-SFXS2LP1_V4.0.0, X-CUBE-SUBG2_V5.0.0, X-CUBE-TOF1_V3.4.0]
2024-01-17 03:10:14,004 [ERROR] LogOutputStream:75 - [STDERR_REDIRECT] SLF4J: Failed to load class "org.slf4j.impl.StaticLoggerBinder".
2024-01-17 03:10:14,005 [ERROR] LogOutputStream:75 - [STDERR_REDIRECT] SLF4J: Defaulting to no-operation (NOP) logger implementation
2024-01-17 03:10:14,008 [ERROR] LogOutputStream:75 - [STDERR_REDIRECT] SLF4J: See http://www.slf4j.org/codes.html#StaticLoggerBinder for further details.
2024-01-17 03:10:39,146 [INFO] ApiDb:240 - Found 323 in-development CPN: [B-G473E-ZEST1S, B-WB1M-WPAN1, B-WL5M-SUBG1, NUCLEO-C031C6, NUCLEO-H503RB, NUCLEO-H563ZI, NUCLEO-U545RE-Q, NUCLEO-U5A5ZJ-Q, NUCLEO-WBA52CG, STEVAL-PROTEUS1, STEVAL-SMARTAG2, STEVAL-STWINBX1, STM320518-EVAL, STM32C0116-DK, STM32C011D6Y3TR, STM32C011D6Y6TR, STM32C011F4P3, STM32C011F4P6, STM32C011F4U3, STM32C011F4U6TR, STM32C011F6P3, STM32C011F6P6, STM32C011F6U3, STM32C011F6U6TR, STM32C011J4M3, STM32C011J4M6, STM32C011J6M3, STM32C011J6M6, STM32C0316-DK, STM32C031C4T3, STM32C031C4T6, STM32C031C4U3, STM32C031C4U6, STM32C031C6T3, STM32C031C6T6, STM32C031C6U3, STM32C031C6U6, STM32C031F4P3, STM32C031F4P6, STM32C031F6P3, STM32C031F6P6, STM32C031G4U3, STM32C031G4U6, STM32C031G6U3, STM32C031G6U6, STM32C031K4T3, STM32C031K4T6, STM32C031K4U3, STM32C031K4U6, STM32C031K6T3, STM32C031K6T6, STM32C031K6U3, STM32C031K6U6, STM32G071K8TXN, STM32G071K8UXN, STM32G081GBU6N, STM32G081KBT6N, STM32G081KBUXN, STM32G0B1CCT6N, STM32G0B1KCT6, STM32G0B1NEY6TR, STM32G0B1RCT6N, STM32G0C1CCT6, STM32G0C1CCT6N, STM32G0C1CCU6N, STM32G0C1CET6N, STM32G0C1CEU6N, STM32G0C1KCT6, STM32G0C1NEY6TR, STM32G0C1RCI6N, STM32G0C1RCT6N, STM32G0C1REI6N, STM32G0C1RET6N, STM32G0C1VCI6, STM32G0C1VEI6, STM32G471CCT6, STM32G471CCU6, STM32G471CET3, STM32G471CET6, STM32G471CEU3, STM32G471CEU6, STM32G471MCT6, STM32G471MET3, STM32G471MET6, STM32G471MEY6TR, STM32G471QCT6, STM32G471QET3, STM32G471RCT6, STM32G471RET3, STM32G471RET6, STM32G471VCH6, STM32G471VCI6, STM32G471VCT6, STM32G471VEH3, STM32G471VEH6, STM32G471VEI3, STM32G471VEI6, STM32G471VET3, STM32G471VET6, STM32G474CCT6, STM32H503CBT6, STM32H503CBU6, STM32H503EBY6TR, STM32H503KBU6, STM32H503RBT6, STM32H562AGI6, STM32H562AII6, STM32H562IGK6, STM32H562IGT6, STM32H562IIK6, STM32H562IIT6, STM32H562RGT6, STM32H562RGV6, STM32H562RIT6, STM32H562RIV6, STM32H562VGT6, STM32H562VIT6, STM32H562ZGT6, STM32H562ZIT6, STM32H563AGI6, STM32H563AII3Q, STM32H563AII6, STM32H563IGK6, STM32H563IGT6, STM32H563IIK3Q, STM32H563IIK6, STM32H563IIT3Q, STM32H563IIT6, STM32H563MIY3QTR, STM32H563RGT6, STM32H563RGV6, STM32H563RIT6, STM32H563RIV6, STM32H563VGT6, STM32H563VIT3Q, STM32H563VIT6, STM32H563ZGT6, STM32H563ZIT3Q, STM32H563ZIT6, STM32H573AII3Q, STM32H573AII6, STM32H573I-DK, STM32H573IIK3Q, STM32H573IIK6, STM32H573IIT3Q, STM32H573IIT6, STM32H573MIY3QTR, STM32H573RIT6, STM32H573RIV6, STM32H573VIT3Q, STM32H573VIT6, STM32H573ZIT3Q, STM32H573ZIT6, STM32L4R5QGI6STR, STM32MP131AAE3, STM32MP131AAF3, STM32MP131AAG3, STM32MP131CAE3, STM32MP131CAF3, STM32MP131CAG3, STM32MP131DAE7, STM32MP131DAF7, STM32MP131DAG7, STM32MP131FAE7, STM32MP131FAF7, STM32MP131FAG7, STM32MP133AAE3, STM32MP133AAF3, STM32MP133AAG3, STM32MP133CAE3, STM32MP133CAF3, STM32MP133CAG3, STM32MP133DAE7, STM32MP133DAF7, STM32MP133DAG7, STM32MP133FAE7, STM32MP133FAF7, STM32MP133FAG7, STM32MP135AAE3, STM32MP135AAF3, STM32MP135AAG3, STM32MP135CAE3, STM32MP135CAF3, STM32MP135CAG3, STM32MP135DAE7, STM32MP135DAF7, STM32MP135DAG7, STM32MP135F-DK, STM32MP135FAE7, STM32MP135FAF7, STM32MP135FAF7T, STM32MP135FAF7U, STM32MP135FAG7, STM32U535CBT6, STM32U535CBT6Q, STM32U535CBU6, STM32U535CBU6Q, STM32U535CCT6, STM32U535CCT6Q, STM32U535CCU6, STM32U535CCU6Q, STM32U535CET6, STM32U535CET6Q, STM32U535CEU6, STM32U535CEU6Q, STM32U535JEY6QTR, STM32U535NCY6QTR, STM32U535NEY6QTR, STM32U535RBI6, STM32U535RBI6Q, STM32U535RBT6, STM32U535RBT6Q, STM32U535RCI6, STM32U535RCI6Q, STM32U535RCT6, STM32U535RCT6Q, STM32U535REI6, STM32U535REI6Q, STM32U535RET6, STM32U535RET6Q, STM32U535VCI6, STM32U535VCI6Q, STM32U535VCT6, STM32U535VCT6Q, STM32U535VEI6, STM32U535VEI6Q, STM32U535VET6, STM32U535VET6Q, STM32U545CET6, STM32U545CET6Q, STM32U545CEU6, STM32U545CEU6Q, STM32U545JEY6QTR, STM32U545NEY6QTR, STM32U545REI6, STM32U545REI6Q, STM32U545RET6, STM32U545RET6Q, STM32U545VEI6, STM32U545VEI6Q, STM32U545VET6, STM32U545VET6Q, STM32U595AIH6, STM32U595AIH6Q, STM32U595AJH6, STM32U595AJH6Q, STM32U595QII6, STM32U595QII6Q, STM32U595QJI6, STM32U595QJI6Q, STM32U595RIT6, STM32U595RIT6Q, STM32U595RJT6, STM32U595RJT6Q, STM32U595VIT6, STM32U595VIT6Q, STM32U595VJT6, STM32U595VJT6Q, STM32U595ZIT6, STM32U595ZIT6Q, STM32U595ZIY6QTR, STM32U595ZJT6, STM32U595ZJT6Q, STM32U595ZJY6QTR, STM32U599BJY6QTR, STM32U599NIH6Q, STM32U599NJH6Q, STM32U599VIT6Q, STM32U599VJT6, STM32U599VJT6Q, STM32U599ZIT6Q, STM32U599ZIY6QTR, STM32U599ZJT6Q, STM32U599ZJY6QTR, STM32U5A5AJH6, STM32U5A5AJH6Q, STM32U5A5QJI6, STM32U5A5QJI6Q, STM32U5A5RJT6, STM32U5A5RJT6Q, STM32U5A5VJT6, STM32U5A5VJT6Q, STM32U5A5ZJT6, STM32U5A5ZJT6Q, STM32U5A5ZJY6QTR, STM32U5A9BJY6QTR, STM32U5A9J-DK, STM32U5A9NJH6Q, STM32U5A9VJT6Q, STM32U5A9ZJT6Q, STM32U5A9ZJY6QTR, STM32U5F7VIT6, STM32U5F7VIT6Q, STM32U5F7VJT6, STM32U5F7VJT6Q, STM32U5F9BJY6QTR, STM32U5F9NJH6Q, STM32U5F9VIT6Q, STM32U5F9VJT6Q, STM32U5F9ZIJ6QTR, STM32U5F9ZIT6Q, STM32U5F9ZJJ6QTR, STM32U5F9ZJT6Q, STM32U5G7VJT6, STM32U5G7VJT6Q, STM32U5G9BJY6QTR, STM32U5G9J-DK1, STM32U5G9J-DK2, STM32U5G9NJH6Q, STM32U5G9VJT6Q, STM32U5G9ZJJ6QTR, STM32U5G9ZJT6Q, STM32WB1MMCH6, STM32WBA52CEU6, STM32WBA52CEU6T, STM32WBA52CGU6, STM32WBA52CGU6T, STM32WBA52KEU6, STM32WBA52KEU6T, STM32WBA52KGU6, STM32WBA52KGU6T, STM32WL5MOCH6, STM32WL5MOCH6TR]
2024-01-17 03:10:39,152 [INFO] DbMcus:217 - Found 3882 MCUs, 3882 are supported
2024-01-17 03:10:39,154 [INFO] ApiDb:423 - Load user favorites file C:\Users\GamingSystemOfUseV/.stm32cubeide/favorites.mcus.txt: 0 item(s)
2024-01-17 03:10:39,154 [INFO] ApiDb:427 - User favorites MCUs=[]
2024-01-17 03:10:39,155 [INFO] DbMcus:223 - Set 0 / 0 favorites MCUs
2024-01-17 03:10:40,646 [WARN] ThirdParty:833 - waiting for thirdparty lock release [change project]
2024-01-17 03:10:40,646 [INFO] ThirdParty:835 - entering critical section [change project]
2024-01-17 03:10:40,646 [INFO] ThirdParty:1030 - CMSIS Pack Vendor :STMicroelectronics X-CUBE-ISPU 1.1.0
2024-01-17 03:10:40,646 [INFO] ThirdParty:1030 - CMSIS Pack Vendor :STMicroelectronics USBPD 4.1
2024-01-17 03:10:40,646 [INFO] ThirdParty:1030 - CMSIS Pack Vendor :STMicroelectronics X-CUBE-GNSS1 6.0.0
2024-01-17 03:10:40,646 [INFO] ThirdParty:1030 - CMSIS Pack Vendor :STMicroelectronics USB_HOST 2.0.0
2024-01-17 03:10:40,647 [INFO] ThirdParty:1030 - CMSIS Pack Vendor :STMicroelectronics X-CUBE-AZRTOS-F4 1.1.0
2024-01-17 03:10:40,647 [INFO] ThirdParty:1030 - CMSIS Pack Vendor :STMicroelectronics LIBJPEG 8.0.0
2024-01-17 03:10:40,647 [INFO] ThirdParty:1030 - CMSIS Pack Vendor :wolfSSL I-CUBE-wolfSSL 5.6.3
2024-01-17 03:10:40,647 [INFO] ThirdParty:1030 - CMSIS Pack Vendor :STMicroelectronics X-CUBE-SMBUS 2.1.0
2024-01-17 03:10:40,647 [INFO] ThirdParty:1030 - CMSIS Pack Vendor :STMicroelectronics USB_DEVICE 3.0.0
2024-01-17 03:10:40,647 [INFO] ThirdParty:1030 - CMSIS Pack Vendor :STMicroelectronics X-CUBE-AZRTOS-WB 2.0.0
2024-01-17 03:10:40,647 [INFO] ThirdParty:1030 - CMSIS Pack Vendor :STMicroelectronics X-CUBE-TOUCHGFX 4.23.0
2024-01-17 03:10:40,647 [INFO] ThirdParty:1030 - CMSIS Pack Vendor :STMicroelectronics X-CUBE-AZRTOS-F7 1.1.0
2024-01-17 03:10:40,647 [INFO] ThirdParty:1030 - CMSIS Pack Vendor :STMicroelectronics X-CUBE-AZRTOS-L5 2.0.0
2024-01-17 03:10:40,647 [INFO] ThirdParty:1030 - CMSIS Pack Vendor :STMicroelectronics USB_DEVICE 2.0.0
2024-01-17 03:10:40,647 [INFO] ThirdParty:1030 - CMSIS Pack Vendor :STMicroelectronics X-CUBE-EEPRMA1 4.2.0
2024-01-17 03:10:40,647 [INFO] ThirdParty:1030 - CMSIS Pack Vendor :ITTIA_DB I-CUBE-ITTIADB 8.8.0
2024-01-17 03:10:40,648 [INFO] ThirdParty:1030 - CMSIS Pack Vendor :STMicroelectronics FP-SNS-MOTENV1 4.3.2
2024-01-17 03:10:40,648 [INFO] ThirdParty:1030 - CMSIS Pack Vendor :STMicroelectronics X-CUBE-ALGOBUILD 1.3.0
2024-01-17 03:10:40,648 [INFO] ThirdParty:1030 - CMSIS Pack Vendor :STMicroelectronics FreeRTOS 0.0.1
2024-01-17 03:10:40,648 [INFO] ThirdParty:1030 - CMSIS Pack Vendor :STMicroelectronics X-CUBE-AZRTOS-G0 1.1.0
2024-01-17 03:10:40,648 [INFO] ThirdParty:1030 - CMSIS Pack Vendor :STMicroelectronics X-CUBE-BLEMGR 2.0.0
2024-01-17 03:10:40,648 [INFO] ThirdParty:1030 - CMSIS Pack Vendor :STMicroelectronics X-CUBE-NFC4 3.0.0
2024-01-17 03:10:40,649 [INFO] ThirdParty:1030 - CMSIS Pack Vendor :STMicroelectronics X-CUBE-SUBG2 5.0.0
2024-01-17 03:10:40,649 [INFO] ThirdParty:1030 - CMSIS Pack Vendor :STMicroelectronics STM32_WPAN 1.0.0
2024-01-17 03:10:40,649 [INFO] ThirdParty:1030 - CMSIS Pack Vendor :STMicroelectronics lwIP 2.0.3
2024-01-17 03:10:40,649 [INFO] ThirdParty:1030 - CMSIS Pack Vendor :STMicroelectronics FP-SNS-FLIGHT1 5.0.2
2024-01-17 03:10:40,650 [INFO] ThirdParty:1030 - CMSIS Pack Vendor :STMicroelectronics USB_HOST 1.0.0
2024-01-17 03:10:40,650 [INFO] ThirdParty:1030 - CMSIS Pack Vendor :STMicroelectronics X-CUBE-TOF1 3.3.1
2024-01-17 03:10:40,650 [INFO] ThirdParty:1030 - CMSIS Pack Vendor :STMicroelectronics X-CUBE-AZRTOS-G4 2.0.0
2024-01-17 03:10:40,650 [INFO] ThirdParty:1030 - CMSIS Pack Vendor :STMicroelectronics PDM2PCM 3.1.0
2024-01-17 03:10:40,650 [INFO] ThirdParty:1030 - CMSIS Pack Vendor :STMicroelectronics X-CUBE-AZRTOS-H7 3.1.0
2024-01-17 03:10:40,650 [INFO] ThirdParty:1030 - CMSIS Pack Vendor :Infineon AIROC-Wi-Fi-Bluetooth-STM32 1.5.1
2024-01-17 03:10:40,650 [INFO] ThirdParty:1030 - CMSIS Pack Vendor :STMicroelectronics X-CUBE-BLEMGR 3.0.0
2024-01-17 03:10:40,650 [INFO] ThirdParty:1030 - CMSIS Pack Vendor :STMicroelectronics PDM2PCM 3.3.0
2024-01-17 03:10:40,650 [INFO] ThirdParty:1030 - CMSIS Pack Vendor :STMicroelectronics X-CUBE-DISPLAY 3.0.0
2024-01-17 03:10:40,651 [INFO] ThirdParty:1030 - CMSIS Pack Vendor :STMicroelectronics FP-SNS-MOTENVWB1 1.3.0
2024-01-17 03:10:40,651 [INFO] ThirdParty:1030 - CMSIS Pack Vendor :STMicroelectronics FP-SNS-MOTENVWB1 1.3.1
2024-01-17 03:10:40,651 [INFO] ThirdParty:1030 - CMSIS Pack Vendor :STMicroelectronics X-CUBE-BLE1 7.0.0
2024-01-17 03:10:40,651 [INFO] ThirdParty:1030 - CMSIS Pack Vendor :STMicroelectronics FP-ATR-SIGFOX1 3.2.0
2024-01-17 03:10:40,651 [INFO] ThirdParty:1030 - CMSIS Pack Vendor :STMicroelectronics X-CUBE-ISPU 2.0.0
2024-01-17 03:10:40,651 [INFO] ThirdParty:1030 - CMSIS Pack Vendor :STMicroelectronics HAL Drivers 0.0.0
2024-01-17 03:10:40,651 [INFO] ThirdParty:1030 - CMSIS Pack Vendor :STMicroelectronics MBEDTLS 2.16.2
2024-01-17 03:10:40,651 [INFO] ThirdParty:1030 - CMSIS Pack Vendor :emotas I-CUBE-CANOPEN 1.3.0
2024-01-17 03:10:40,651 [INFO] ThirdParty:1030 - CMSIS Pack Vendor :STMicroelectronics X-CUBE-MEMS1 10.0.0
2024-01-17 03:10:40,651 [INFO] ThirdParty:1030 - CMSIS Pack Vendor :STMicroelectronics X-CUBE-FREERTOS 1.1.0
2024-01-17 03:10:40,651 [INFO] ThirdParty:1030 - CMSIS Pack Vendor :STMicroelectronics X-CUBE-NFC7 1.0.1
2024-01-17 03:10:40,651 [INFO] ThirdParty:1030 - CMSIS Pack Vendor :STMicroelectronics MBEDTLS 2.14.1
2024-01-17 03:10:40,651 [INFO] ThirdParty:1030 - CMSIS Pack Vendor :STMicroelectronics X-CUBE-TOUCHGFX 4.22.1
2024-01-17 03:10:40,651 [INFO] ThirdParty:1030 - CMSIS Pack Vendor :STMicroelectronics X-CUBE-NFC6 3.0.0
2024-01-17 03:10:40,652 [INFO] ThirdParty:1030 - CMSIS Pack Vendor :portGmbH I-Cube-SoM-uGOAL 1.1.0
2024-01-17 03:10:40,652 [INFO] ThirdParty:1030 - CMSIS Pack Vendor :STMicroelectronics X-CUBE-ALS 1.0.1
2024-01-17 03:10:40,652 [INFO] ThirdParty:1030 - CMSIS Pack Vendor :STMicroelectronics ThreadX 1.0.0
2024-01-17 03:10:40,652 [INFO] ThirdParty:1030 - CMSIS Pack Vendor :STMicroelectronics FP-SNS-SMARTAG2 1.2.0
2024-01-17 03:10:40,652 [INFO] ThirdParty:1030 - CMSIS Pack Vendor :STMicroelectronics X-CUBE-AZRTOS-WL 2.0.0
2024-01-17 03:10:40,652 [INFO] ThirdParty:1030 - CMSIS Pack Vendor :STMicroelectronics USB_DEVICE 1.0.0
2024-01-17 03:10:40,652 [INFO] ThirdParty:1030 - CMSIS Pack Vendor :STMicroelectronics X-CUBE-AI 8.1.0
2024-01-17 03:10:40,652 [INFO] ThirdParty:1030 - CMSIS Pack Vendor :STMicroelectronics X-CUBE-AZRTOS-L4 2.0.0
2024-01-17 03:10:40,655 [INFO] ThirdParty:1030 - CMSIS Pack Vendor :STMicroelectronics ThreadX 0.0.2
2024-01-17 03:10:40,656 [INFO] ThirdParty:1030 - CMSIS Pack Vendor :WES I-CUBE-Cesium 1.3.0
2024-01-17 03:10:40,656 [INFO] ThirdParty:1030 - CMSIS Pack Vendor :STMicroelectronics FP-ATR-ASTRA1 2.0.0
2024-01-17 03:10:40,656 [INFO] ThirdParty:1030 - CMSIS Pack Vendor :STMicroelectronics lwIP 2.1.2
2024-01-17 03:10:40,656 [INFO] ThirdParty:1030 - CMSIS Pack Vendor :STMicroelectronics X-CUBE-SFXS2LP1 4.0.0
2024-01-17 03:10:40,656 [INFO] ThirdParty:1030 - CMSIS Pack Vendor :STMicroelectronics X-CUBE-BLE2 3.3.0
2024-01-17 03:10:40,656 [INFO] ThirdParty:1030 - CMSIS Pack Vendor :STMicroelectronics X-CUBE-TOF1 3.4.0
2024-01-17 03:10:40,656 [INFO] ThirdParty:1030 - CMSIS Pack Vendor :STMicroelectronics X-CUBE-AZRTOS-H7 3.2.0
2024-01-17 03:10:40,656 [INFO] ThirdParty:1030 - CMSIS Pack Vendor :STMicroelectronics PDM2PCM 3.2.0
2024-01-17 03:10:40,657 [INFO] ThirdParty:841 - exiting critical section [change project]
2024-01-17 03:10:43,896 [INFO] PinOutPanel:1499 - setPackage(No Configuration,No Configuration)
2024-01-17 03:10:43,901 [INFO] PinOutPanel:1499 - setPackage(STM32F746ZGTx,LQFP144)
2024-01-17 03:10:47,351 [INFO] UtilMem:75 - Before build in PCC Used Memory: 420865520 Bytes (508559360)
2024-01-17 03:10:51,357 [INFO] UtilMem:75 - After build in PCC Used Memory: 313650368 Bytes (563085312)
2024-01-17 03:10:51,432 [INFO] IPUIPlugin:80 - create IPUIPlugin
2024-01-17 03:10:51,432 [INFO] IPUIPlugin:80 - create IPUIPlugin
2024-01-17 03:10:51,432 [INFO] IPUIPlugin:80 - create IPUIPlugin
2024-01-17 03:10:51,433 [INFO] IPUIPlugin:80 - create IPUIPlugin
2024-01-17 03:10:51,433 [INFO] IPUIPlugin:80 - create IPUIPlugin
2024-01-17 03:10:51,433 [INFO] IPUIPlugin:80 - create IPUIPlugin
2024-01-17 03:10:51,433 [INFO] IPUIPlugin:80 - create IPUIPlugin
2024-01-17 03:10:51,434 [INFO] IPUIPlugin:80 - create IPUIPlugin
2024-01-17 03:10:51,434 [INFO] IPUIPlugin:80 - create IPUIPlugin
2024-01-17 03:10:51,434 [INFO] IPUIPlugin:80 - create IPUIPlugin
2024-01-17 03:10:51,435 [INFO] IPUIPlugin:80 - create IPUIPlugin
2024-01-17 03:10:51,445 [INFO] IPUIPlugin:80 - create IPUIPlugin
2024-01-17 03:10:51,445 [INFO] IPUIPlugin:80 - create IPUIPlugin
2024-01-17 03:10:51,445 [INFO] IPUIPlugin:80 - create IPUIPlugin
2024-01-17 03:10:51,445 [INFO] IPUIPlugin:80 - create IPUIPlugin
2024-01-17 03:10:51,446 [INFO] IPUIPlugin:80 - create IPUIPlugin
2024-01-17 03:10:51,446 [INFO] IPUIPlugin:80 - create IPUIPlugin
2024-01-17 03:10:51,446 [INFO] IPUIPlugin:80 - create IPUIPlugin
2024-01-17 03:10:51,446 [INFO] IPUIPlugin:80 - create IPUIPlugin
2024-01-17 03:10:51,446 [INFO] IPUIPlugin:80 - create IPUIPlugin
2024-01-17 03:10:51,447 [INFO] IPUIPlugin:80 - create IPUIPlugin
2024-01-17 03:10:51,447 [INFO] IPUIPlugin:80 - create IPUIPlugin
2024-01-17 03:10:51,451 [INFO] IPUIPlugin:80 - create IPUIPlugin
2024-01-17 03:10:51,451 [INFO] IPUIPlugin:80 - create IPUIPlugin
2024-01-17 03:10:51,451 [INFO] IPUIPlugin:80 - create IPUIPlugin
2024-01-17 03:10:51,452 [INFO] IPUIPlugin:80 - create IPUIPlugin
2024-01-17 03:10:51,454 [INFO] IPUIPlugin:80 - create IPUIPlugin
2024-01-17 03:10:51,454 [INFO] IPUIPlugin:80 - create IPUIPlugin
2024-01-17 03:10:51,454 [INFO] IPUIPlugin:80 - create IPUIPlugin
2024-01-17 03:10:51,455 [INFO] IPUIPlugin:80 - create IPUIPlugin
2024-01-17 03:10:51,455 [INFO] IPUIPlugin:80 - create IPUIPlugin
2024-01-17 03:10:51,455 [INFO] IPUIPlugin:80 - create IPUIPlugin
2024-01-17 03:10:51,456 [INFO] IPUIPlugin:80 - create IPUIPlugin
2024-01-17 03:10:51,456 [INFO] IPUIPlugin:80 - create IPUIPlugin
2024-01-17 03:10:51,456 [INFO] IPUIPlugin:80 - create IPUIPlugin
2024-01-17 03:10:51,457 [INFO] IPUIPlugin:80 - create IPUIPlugin
2024-01-17 03:10:51,457 [INFO] IPUIPlugin:80 - create IPUIPlugin
2024-01-17 03:10:51,458 [INFO] IPUIPlugin:80 - create IPUIPlugin
2024-01-17 03:10:51,458 [INFO] IPUIPlugin:80 - create IPUIPlugin
2024-01-17 03:10:51,459 [INFO] IPUIPlugin:80 - create IPUIPlugin
2024-01-17 03:10:51,459 [INFO] IPUIPlugin:80 - create IPUIPlugin
2024-01-17 03:10:51,459 [INFO] IPUIPlugin:80 - create IPUIPlugin
2024-01-17 03:10:51,459 [INFO] IPUIPlugin:80 - create IPUIPlugin
2024-01-17 03:10:51,460 [INFO] IPUIPlugin:80 - create IPUIPlugin
2024-01-17 03:10:51,460 [INFO] IPUIPlugin:80 - create IPUIPlugin
2024-01-17 03:10:51,460 [INFO] IPUIPlugin:80 - create IPUIPlugin
2024-01-17 03:10:51,461 [INFO] IPUIPlugin:80 - create IPUIPlugin
2024-01-17 03:10:51,461 [INFO] IPUIPlugin:80 - create IPUIPlugin
2024-01-17 03:10:51,461 [INFO] IPUIPlugin:80 - create IPUIPlugin
2024-01-17 03:10:51,462 [INFO] IPUIPlugin:80 - create IPUIPlugin
2024-01-17 03:10:51,462 [INFO] IPUIPlugin:80 - create IPUIPlugin
2024-01-17 03:10:51,462 [INFO] IPUIPlugin:80 - create IPUIPlugin
2024-01-17 03:10:51,463 [INFO] IPUIPlugin:80 - create IPUIPlugin
2024-01-17 03:10:51,463 [INFO] IPUIPlugin:80 - create IPUIPlugin
2024-01-17 03:10:51,463 [INFO] IPUIPlugin:80 - create IPUIPlugin
2024-01-17 03:10:51,464 [INFO] IPUIPlugin:80 - create IPUIPlugin
2024-01-17 03:10:51,464 [INFO] IPUIPlugin:80 - create IPUIPlugin
2024-01-17 03:10:51,465 [INFO] IPUIPlugin:80 - create IPUIPlugin
2024-01-17 03:10:51,465 [INFO] IPUIPlugin:80 - create IPUIPlugin
2024-01-17 03:10:51,465 [INFO] IPUIPlugin:80 - create IPUIPlugin
2024-01-17 03:10:51,465 [INFO] IPUIPlugin:80 - create IPUIPlugin
2024-01-17 03:10:51,466 [INFO] IPUIPlugin:80 - create IPUIPlugin
2024-01-17 03:10:51,466 [INFO] IPUIPlugin:80 - create IPUIPlugin
2024-01-17 03:10:51,467 [INFO] IPUIPlugin:80 - create IPUIPlugin
2024-01-17 03:10:51,467 [INFO] IPUIPlugin:80 - create IPUIPlugin
2024-01-17 03:10:51,468 [INFO] IPUIPlugin:80 - create IPUIPlugin
2024-01-17 03:10:51,468 [INFO] IPUIPlugin:80 - create IPUIPlugin
2024-01-17 03:10:51,471 [INFO] IPUIPlugin:80 - create IPUIPlugin
2024-01-17 03:10:51,471 [INFO] IPUIPlugin:80 - create IPUIPlugin
2024-01-17 03:10:51,472 [INFO] IPUIPlugin:80 - create IPUIPlugin
2024-01-17 03:10:51,472 [INFO] IPUIPlugin:80 - create IPUIPlugin
2024-01-17 03:10:51,473 [INFO] IPUIPlugin:80 - create IPUIPlugin
2024-01-17 03:10:51,473 [INFO] IPUIPlugin:80 - create IPUIPlugin
2024-01-17 03:10:51,474 [INFO] IPUIPlugin:80 - create IPUIPlugin
2024-01-17 03:10:51,751 [INFO] ApiDbMcu:507 - Load IP Config File for PDM2PCM
2024-01-17 03:10:52,929 [INFO] CADModel:165 - CPN selected for project levelSTM32F746ZGT6
2024-01-17 03:10:52,929 [INFO] CADModel:114 - Register for checkConnection events
2024-01-17 03:10:52,989 [INFO] OpenFileManager:328 - Restore cursor
2024-01-17 03:11:25,615 [INFO] I2cTimingTraitement:330 - 0x00808CD2
2024-01-17 03:12:08,758 [INFO] NvicIntPanel:101 - NVIC parent = com.st.microxplorer.plugins.ip.nvic.MultiNvicIntPanel[,0,0,450x147,layout=javax.swing.BoxLayout,alignmentX=0.0,alignmentY=0.0,border=,flags=9,maximumSize=,minimumSize=,preferredSize=]
2024-01-17 03:14:40,380 [INFO] I2cTimingTraitement:330 - 0x00808CD2
2024-01-17 03:20:03,569 [INFO] I2cTimingTraitement:330 - 0x00808CD2
2024-01-17 03:22:29,161 [INFO] NvicIntPanel:101 - NVIC parent = com.st.microxplorer.plugins.ip.nvic.MultiNvicIntPanel[,0,0,450x147,layout=javax.swing.BoxLayout,alignmentX=0.0,alignmentY=0.0,border=,flags=9,maximumSize=,minimumSize=,preferredSize=]
2024-01-17 03:22:42,811 [INFO] NvicIntPanel:101 - NVIC parent = com.st.microxplorer.plugins.ip.nvic.MultiNvicIntPanel[,0,0,0x0,invalid,layout=javax.swing.BoxLayout,alignmentX=0.0,alignmentY=0.0,border=,flags=9,maximumSize=,minimumSize=,preferredSize=]
2024-01-17 03:22:42,936 [INFO] I2cTimingTraitement:330 - 0x00808CD2
2024-01-17 03:23:40,181 [INFO] UtilMem:75 - End SaveConfig() Used Memory: 649603744 Bytes (1073741824)
2024-01-17 03:23:42,525 [INFO] UtilMem:75 - End SaveConfig() Used Memory: 611860696 Bytes (1073741824)
2024-01-17 03:23:43,427 [INFO] UtilMem:75 - End SaveConfig() Used Memory: 642795736 Bytes (1073741824)
2024-01-17 03:23:44,255 [INFO] BlockDiagram:2759 - set Specific Code input for plugin: TIM1_8F7
2024-01-17 03:23:44,255 [INFO] BlockDiagram:2759 - set Specific Code input for plugin: TIM1_8F7
2024-01-17 03:23:44,255 [INFO] BlockDiagram:2759 - set Specific Code input for plugin: SYS
2024-01-17 03:23:44,255 [INFO] BlockDiagram:2759 - set Specific Code input for plugin: RCC
2024-01-17 03:23:44,255 [INFO] BlockDiagram:2759 - set Specific Code input for plugin: I2C
2024-01-17 03:23:44,255 [INFO] BlockDiagram:2759 - set Specific Code input for plugin: I2C
2024-01-17 03:23:44,256 [INFO] BlockDiagram:2759 - set Specific Code input for plugin: USB_OTG_FS
2024-01-17 03:23:44,256 [INFO] BlockDiagram:2759 - set Specific Code input for plugin: NVIC
2024-01-17 03:23:44,256 [INFO] BlockDiagram:2759 - set Specific Code input for plugin: USART
2024-01-17 03:23:44,257 [INFO] BlockDiagram:2759 - set Specific Code input for plugin: GPIO
2024-01-17 03:23:44,259 [INFO] CodeGenerator:799 - code generatio: config db path: C:\ST\STM32CubeIDE_1.13.2\STM32CubeIDE\plugins\com.st.stm32cube.common.mx_6.9.2.202309101412\\db\
2024-01-17 03:23:44,915 [INFO] CodeEngine:255 - oldGeneratedFile, C:\Users\GamingSystemOfUseV\Documents\github\Regulator-PID-ogrzewanie\projekt\MXTmpFiles\license.tmp_save
2024-01-17 03:23:45,585 [INFO] CodeEngine:279 - Generated code: C:\Users\GamingSystemOfUseV\Documents\github\Regulator-PID-ogrzewanie\projekt\MXTmpFiles\license.tmp
2024-01-17 03:23:45,834 [INFO] CodeEngine:255 - oldGeneratedFile, C:\Users\GamingSystemOfUseV\Documents\github\Regulator-PID-ogrzewanie\projekt\MXTmpFiles\gpio.tmp_save
2024-01-17 03:23:46,046 [INFO] CodeEngine:279 - Generated code: C:\Users\GamingSystemOfUseV\Documents\github\Regulator-PID-ogrzewanie\projekt\MXTmpFiles\gpio.tmp
2024-01-17 03:23:47,221 [WARN] IPConfigManager:2937 - Warning: the RefConfig PWREx_EnableUSBVoltageDetector is not available in your config.xml file
2024-01-17 03:23:47,288 [INFO] CodeEngine:255 - oldGeneratedFile, C:\Users\GamingSystemOfUseV\Documents\github\Regulator-PID-ogrzewanie\projekt\MXTmpFiles\cortex.tmp_save
2024-01-17 03:23:47,467 [INFO] CodeEngine:279 - Generated code: C:\Users\GamingSystemOfUseV\Documents\github\Regulator-PID-ogrzewanie\projekt\MXTmpFiles\cortex.tmp
2024-01-17 03:23:47,530 [INFO] CodeEngine:255 - oldGeneratedFile, C:\Users\GamingSystemOfUseV\Documents\github\Regulator-PID-ogrzewanie\projekt\Core\Src\stm32f7xx_it.c_save
2024-01-17 03:23:47,790 [INFO] CodeEngine:279 - Generated code: C:\Users\GamingSystemOfUseV\Documents\github\Regulator-PID-ogrzewanie\projekt\Core\Src\stm32f7xx_it.c
2024-01-17 03:23:47,850 [INFO] CodeEngine:255 - oldGeneratedFile, C:\Users\GamingSystemOfUseV\Documents\github\Regulator-PID-ogrzewanie\projekt\Core\Inc\stm32f7xx_it.h_save
2024-01-17 03:23:48,051 [INFO] CodeEngine:279 - Generated code: C:\Users\GamingSystemOfUseV\Documents\github\Regulator-PID-ogrzewanie\projekt\Core\Inc\stm32f7xx_it.h
2024-01-17 03:23:48,124 [INFO] CodeEngine:255 - oldGeneratedFile, C:\Users\GamingSystemOfUseV\Documents\github\Regulator-PID-ogrzewanie\projekt\Core\Src\stm32f7xx_hal_msp.c_save
2024-01-17 03:23:48,487 [INFO] CodeEngine:279 - Generated code: C:\Users\GamingSystemOfUseV\Documents\github\Regulator-PID-ogrzewanie\projekt\Core\Src\stm32f7xx_hal_msp.c
2024-01-17 03:23:48,540 [INFO] CodeEngine:255 - oldGeneratedFile, C:\Users\GamingSystemOfUseV\Documents\github\Regulator-PID-ogrzewanie\projekt\MXTmpFiles\system.tmp_save
2024-01-17 03:23:48,671 [INFO] CodeEngine:279 - Generated code: C:\Users\GamingSystemOfUseV\Documents\github\Regulator-PID-ogrzewanie\projekt\MXTmpFiles\system.tmp
2024-01-17 03:23:48,749 [INFO] CodeEngine:311 - oldGeneratedFile, C:\Users\GamingSystemOfUseV\Documents\github\Regulator-PID-ogrzewanie\projekt\Core\Inc\stm32f7xx_hal_conf.h_save
2024-01-17 03:23:48,950 [INFO] CodeEngine:335 - Generated code: C:\Users\GamingSystemOfUseV\Documents\github\Regulator-PID-ogrzewanie\projekt\Core\Inc\stm32f7xx_hal_conf.h
2024-01-17 03:23:49,034 [WARN] IPConfigManager:3431 - IP not found : TIM
2024-01-17 03:23:49,034 [WARN] IPConfigManager:3431 - IP not found : USB_OTG
2024-01-17 03:23:49,036 [WARN] CodeGenerator:3764 - IP not found : null
2024-01-17 03:23:49,036 [WARN] CodeGenerator:3764 - IP not found : null
2024-01-17 03:23:49,120 [INFO] CodeEngine:255 - oldGeneratedFile, C:\Users\GamingSystemOfUseV\Documents\github\Regulator-PID-ogrzewanie\projekt\Core\Inc\main.h_save
2024-01-17 03:23:49,435 [INFO] CodeEngine:279 - Generated code: C:\Users\GamingSystemOfUseV\Documents\github\Regulator-PID-ogrzewanie\projekt\Core\Inc\main.h
2024-01-17 03:23:49,480 [INFO] CodeEngine:255 - oldGeneratedFile, C:\Users\GamingSystemOfUseV\Documents\github\Regulator-PID-ogrzewanie\projekt\Core\Src\main.c_save
2024-01-17 03:23:49,907 [INFO] CodeEngine:279 - Generated code: C:\Users\GamingSystemOfUseV\Documents\github\Regulator-PID-ogrzewanie\projekt\Core\Src\main.c
2024-01-17 03:23:53,121 [INFO] ProjectBuilder:3064 - Time for Copy HAL[1] : 2622mS.
2024-01-17 03:23:53,132 [INFO] ProjectBuilder:4404 - Project Generator version: 4.1.0
2024-01-17 03:23:53,616 [INFO] ConfigFileManager:1457 - The Die is : DIE449
2024-01-17 03:23:53,762 [INFO] ApiDbMcu:507 - Load IP Config File for FATFS
2024-01-17 03:23:53,801 [INFO] ApiDbMcu:507 - Load IP Config File for FREERTOS
2024-01-17 03:23:53,844 [INFO] ApiDbMcu:507 - Load IP Config File for LIBJPEG
2024-01-17 03:23:53,906 [INFO] ApiDbMcu:507 - Load IP Config File for LWIP
2024-01-17 03:23:53,962 [INFO] ApiDbMcu:507 - Load IP Config File for MBEDTLS
2024-01-17 03:23:54,022 [INFO] ApiDbMcu:507 - Load IP Config File for USB_DEVICE
2024-01-17 03:23:54,076 [INFO] ApiDbMcu:507 - Load IP Config File for USB_HOST
2024-01-17 03:23:56,730 [INFO] LogOutputStream:77 - [STDOUT_REDIRECT] 
2024-01-17 03:24:04,738 [INFO] ProjectBuilder:4626 - Time for Generating toolchain IDE Files: 11605mS.
2024-01-17 03:24:04,739 [INFO] ProjectBuilder:2935 - Time for Copy CMSIS : 1mS.
2024-01-17 03:24:04,745 [INFO] ProjectBuilder:2935 - Time for Copy CMSIS : 0mS.
2024-01-17 03:26:05,441 [INFO] NvicIntPanel:101 - NVIC parent = com.st.microxplorer.plugins.ip.nvic.MultiNvicIntPanel[,0,0,0x0,invalid,layout=javax.swing.BoxLayout,alignmentX=0.0,alignmentY=0.0,border=,flags=9,maximumSize=,minimumSize=,preferredSize=]
2024-01-17 03:26:05,521 [INFO] I2cTimingTraitement:330 - 0x00808CD2
2024-01-17 03:26:11,353 [INFO] NvicIntPanel:101 - NVIC parent = com.st.microxplorer.plugins.ip.nvic.MultiNvicIntPanel[,0,0,0x0,invalid,layout=javax.swing.BoxLayout,alignmentX=0.0,alignmentY=0.0,border=,flags=9,maximumSize=,minimumSize=,preferredSize=]
2024-01-17 03:26:11,431 [INFO] I2cTimingTraitement:330 - 0x00808CD2
2024-01-17 03:26:21,839 [INFO] NvicIntPanel:101 - NVIC parent = com.st.microxplorer.plugins.ip.nvic.MultiNvicIntPanel[,0,0,0x0,invalid,layout=javax.swing.BoxLayout,alignmentX=0.0,alignmentY=0.0,border=,flags=9,maximumSize=,minimumSize=,preferredSize=]
2024-01-17 03:26:21,914 [INFO] I2cTimingTraitement:330 - 0x00808CD2
2024-01-17 03:26:31,415 [INFO] UtilMem:75 - End SaveConfig() Used Memory: 857504320 Bytes (1073741824)
2024-01-17 03:26:33,384 [INFO] UtilMem:75 - End SaveConfig() Used Memory: 654570944 Bytes (1073741824)
2024-01-17 03:26:36,775 [INFO] UtilMem:75 - End SaveConfig() Used Memory: 699659712 Bytes (1073741824)
2024-01-17 03:26:37,131 [INFO] BlockDiagram:2759 - set Specific Code input for plugin: TIM1_8F7
2024-01-17 03:26:37,131 [INFO] BlockDiagram:2759 - set Specific Code input for plugin: TIM1_8F7
2024-01-17 03:26:37,131 [INFO] BlockDiagram:2759 - set Specific Code input for plugin: SYS
2024-01-17 03:26:37,131 [INFO] BlockDiagram:2759 - set Specific Code input for plugin: RCC
2024-01-17 03:26:37,131 [INFO] BlockDiagram:2759 - set Specific Code input for plugin: I2C
2024-01-17 03:26:37,131 [INFO] BlockDiagram:2759 - set Specific Code input for plugin: I2C
2024-01-17 03:26:37,131 [INFO] BlockDiagram:2759 - set Specific Code input for plugin: USB_OTG_FS
2024-01-17 03:26:37,131 [INFO] BlockDiagram:2759 - set Specific Code input for plugin: NVIC
2024-01-17 03:26:37,132 [INFO] BlockDiagram:2759 - set Specific Code input for plugin: USART
2024-01-17 03:26:37,132 [INFO] BlockDiagram:2759 - set Specific Code input for plugin: GPIO
2024-01-17 03:26:37,135 [INFO] CodeGenerator:799 - code generatio: config db path: C:\ST\STM32CubeIDE_1.13.2\STM32CubeIDE\plugins\com.st.stm32cube.common.mx_6.9.2.202309101412\\db\
2024-01-17 03:26:37,525 [INFO] CodeEngine:255 - oldGeneratedFile, C:\Users\GamingSystemOfUseV\Documents\github\Regulator-PID-ogrzewanie\projekt\MXTmpFiles\license.tmp_save
2024-01-17 03:26:37,713 [INFO] CodeEngine:279 - Generated code: C:\Users\GamingSystemOfUseV\Documents\github\Regulator-PID-ogrzewanie\projekt\MXTmpFiles\license.tmp
2024-01-17 03:26:37,810 [INFO] CodeEngine:255 - oldGeneratedFile, C:\Users\GamingSystemOfUseV\Documents\github\Regulator-PID-ogrzewanie\projekt\MXTmpFiles\gpio.tmp_save
2024-01-17 03:26:38,055 [INFO] CodeEngine:279 - Generated code: C:\Users\GamingSystemOfUseV\Documents\github\Regulator-PID-ogrzewanie\projekt\MXTmpFiles\gpio.tmp
2024-01-17 03:26:38,804 [WARN] IPConfigManager:2937 - Warning: the RefConfig PWREx_EnableUSBVoltageDetector is not available in your config.xml file
2024-01-17 03:26:38,825 [INFO] CodeEngine:255 - oldGeneratedFile, C:\Users\GamingSystemOfUseV\Documents\github\Regulator-PID-ogrzewanie\projekt\MXTmpFiles\cortex.tmp_save
2024-01-17 03:26:39,021 [INFO] CodeEngine:279 - Generated code: C:\Users\GamingSystemOfUseV\Documents\github\Regulator-PID-ogrzewanie\projekt\MXTmpFiles\cortex.tmp
2024-01-17 03:26:39,072 [INFO] CodeEngine:255 - oldGeneratedFile, C:\Users\GamingSystemOfUseV\Documents\github\Regulator-PID-ogrzewanie\projekt\Core\Src\stm32f7xx_it.c_save
2024-01-17 03:26:39,250 [INFO] CodeEngine:279 - Generated code: C:\Users\GamingSystemOfUseV\Documents\github\Regulator-PID-ogrzewanie\projekt\Core\Src\stm32f7xx_it.c
2024-01-17 03:26:39,270 [INFO] CodeEngine:255 - oldGeneratedFile, C:\Users\GamingSystemOfUseV\Documents\github\Regulator-PID-ogrzewanie\projekt\Core\Inc\stm32f7xx_it.h_save
2024-01-17 03:26:39,361 [INFO] CodeEngine:279 - Generated code: C:\Users\GamingSystemOfUseV\Documents\github\Regulator-PID-ogrzewanie\projekt\Core\Inc\stm32f7xx_it.h
2024-01-17 03:26:39,391 [INFO] CodeEngine:255 - oldGeneratedFile, C:\Users\GamingSystemOfUseV\Documents\github\Regulator-PID-ogrzewanie\projekt\Core\Src\stm32f7xx_hal_msp.c_save
2024-01-17 03:26:39,558 [INFO] CodeEngine:279 - Generated code: C:\Users\GamingSystemOfUseV\Documents\github\Regulator-PID-ogrzewanie\projekt\Core\Src\stm32f7xx_hal_msp.c
2024-01-17 03:26:39,568 [INFO] CodeEngine:255 - oldGeneratedFile, C:\Users\GamingSystemOfUseV\Documents\github\Regulator-PID-ogrzewanie\projekt\MXTmpFiles\system.tmp_save
2024-01-17 03:26:39,669 [INFO] CodeEngine:279 - Generated code: C:\Users\GamingSystemOfUseV\Documents\github\Regulator-PID-ogrzewanie\projekt\MXTmpFiles\system.tmp
2024-01-17 03:26:39,697 [INFO] CodeEngine:311 - oldGeneratedFile, C:\Users\GamingSystemOfUseV\Documents\github\Regulator-PID-ogrzewanie\projekt\Core\Inc\stm32f7xx_hal_conf.h_save
2024-01-17 03:26:39,823 [INFO] CodeEngine:335 - Generated code: C:\Users\GamingSystemOfUseV\Documents\github\Regulator-PID-ogrzewanie\projekt\Core\Inc\stm32f7xx_hal_conf.h
2024-01-17 03:26:39,853 [WARN] IPConfigManager:3431 - IP not found : TIM
2024-01-17 03:26:39,854 [WARN] IPConfigManager:3431 - IP not found : USB_OTG
2024-01-17 03:26:39,855 [WARN] CodeGenerator:3764 - IP not found : null
2024-01-17 03:26:39,855 [WARN] CodeGenerator:3764 - IP not found : null
2024-01-17 03:26:39,887 [INFO] CodeEngine:255 - oldGeneratedFile, C:\Users\GamingSystemOfUseV\Documents\github\Regulator-PID-ogrzewanie\projekt\Core\Inc\main.h_save
2024-01-17 03:26:40,017 [INFO] CodeEngine:279 - Generated code: C:\Users\GamingSystemOfUseV\Documents\github\Regulator-PID-ogrzewanie\projekt\Core\Inc\main.h
2024-01-17 03:26:40,037 [INFO] CodeEngine:255 - oldGeneratedFile, C:\Users\GamingSystemOfUseV\Documents\github\Regulator-PID-ogrzewanie\projekt\Core\Src\main.c_save
2024-01-17 03:26:40,229 [INFO] CodeEngine:279 - Generated code: C:\Users\GamingSystemOfUseV\Documents\github\Regulator-PID-ogrzewanie\projekt\Core\Src\main.c
2024-01-17 03:26:41,249 [INFO] ProjectBuilder:3064 - Time for Copy HAL[1] : 591mS.
2024-01-17 03:26:41,257 [INFO] ProjectBuilder:4404 - Project Generator version: 4.1.0
2024-01-17 03:26:41,699 [INFO] ConfigFileManager:1457 - The Die is : DIE449
2024-01-17 03:26:44,391 [INFO] ProjectBuilder:4626 - Time for Generating toolchain IDE Files: 3134mS.
2024-01-17 03:26:44,401 [INFO] ProjectBuilder:2935 - Time for Copy CMSIS : 8mS.
2024-01-17 03:26:44,408 [INFO] ProjectBuilder:2935 - Time for Copy CMSIS : 0mS.
2024-01-17 03:44:26,094 [ERROR] LogOutputStream:75 - [STDERR_REDIRECT] 
