2024-01-16 16:05:07,538 [INFO] Activator:176 - 


2024-01-16 16:05:07,569 [INFO] Activator:177 - !SESSION log4j initialized
2024-01-16 16:05:30,690 [INFO] LogOutputStream:77 - [STDOUT_REDIRECT] 
2024-01-16 16:05:36,127 [INFO] ApplicationProperties:184 - Using Application install path: C:\ST\STM32CubeIDE_1.13.2\STM32CubeIDE\plugins\com.st.stm32cube.common.mx_6.9.2.202309101412
2024-01-16 16:05:36,224 [INFO] DbMcusXml:78 - Set database path to: C:\ST\STM32CubeIDE_1.13.2\STM32CubeIDE\plugins\com.st.stm32cube.common.mx_6.9.2.202309101412\\db\/mcu/
2024-01-16 16:05:36,225 [INFO] ApiDb:274 - Set plugin database path to: C:\ST\STM32CubeIDE_1.13.2\STM32CubeIDE\plugins\com.st.stm32cube.common.mx_6.9.2.202309101412\\db\/plugins/boardmanager/
2024-01-16 16:05:36,227 [WARN] ApiDb:259 - Overriding images path with different value:  => C:\ST\STM32CubeIDE_1.13.2\STM32CubeIDE\plugins\com.st.stm32cube.common.mx_6.9.2.202309101412\\db\/plugins/mcufinder/images/
2024-01-16 16:05:36,495 [INFO] ApiDb:250 - Set database path to: C:\Users\GamingSystemOfUseV\.stmcufinder\plugins\mcufinder//mcu/
2024-01-16 16:05:36,496 [INFO] DbMcusAds:125 - Set database path to: C:\Users\GamingSystemOfUseV\.stmcufinder\plugins\mcufinder//mcu/
2024-01-16 16:05:36,498 [INFO] CrossReferenceDbSqlite:203 - Set database path to: C:\Users\GamingSystemOfUseV\.stmcufinder\plugins\mcufinder//mcu/cs/
2024-01-16 16:05:36,775 [INFO] RulesReader:64 - Compatibility file has been processed (293 Rules)
2024-01-16 16:05:37,061 [INFO] DbMcusXml:78 - Set database path to: C:\ST\STM32CubeIDE_1.13.2\STM32CubeIDE\plugins\com.st.stm32cube.common.mx_6.9.2.202309101412\\db\/mcu/
2024-01-16 16:05:37,061 [INFO] ApiDb:274 - Set plugin database path to: C:\ST\STM32CubeIDE_1.13.2\STM32CubeIDE\plugins\com.st.stm32cube.common.mx_6.9.2.202309101412\\db\/plugins/boardmanager/
2024-01-16 16:05:37,062 [INFO] ApiDb:261 - Set plugin images path to: C:\ST\STM32CubeIDE_1.13.2\STM32CubeIDE\plugins\com.st.stm32cube.common.mx_6.9.2.202309101412\\db\/plugins/mcufinder/images/
2024-01-16 16:05:37,062 [WARN] DbFile:41 - Overriding database path with different value: C:\Users\GamingSystemOfUseV\.stmcufinder\plugins\mcufinder/ => C:\Users\GamingSystemOfUseV\.stmcufinder\plugins\mcufinder
2024-01-16 16:05:37,063 [INFO] ApiDb:250 - Set database path to: C:\Users\GamingSystemOfUseV\.stmcufinder\plugins\mcufinder//mcu/
2024-01-16 16:05:37,063 [WARN] DbFile:41 - Overriding database path with different value: C:\Users\GamingSystemOfUseV\.stmcufinder\plugins\mcufinder/ => C:\Users\GamingSystemOfUseV\.stmcufinder\plugins\mcufinder
2024-01-16 16:05:37,063 [INFO] DbMcusAds:125 - Set database path to: C:\Users\GamingSystemOfUseV\.stmcufinder\plugins\mcufinder//mcu/
2024-01-16 16:05:37,063 [WARN] DbFile:41 - Overriding database path with different value: C:\Users\GamingSystemOfUseV\.stmcufinder\plugins\mcufinder/ => C:\Users\GamingSystemOfUseV\.stmcufinder\plugins\mcufinder
2024-01-16 16:05:37,063 [WARN] DbFile:41 - Overriding database path with different value: C:\Users\GamingSystemOfUseV\.stmcufinder\plugins\mcufinder/ => C:\Users\GamingSystemOfUseV\.stmcufinder\plugins\mcufinder
2024-01-16 16:05:37,064 [INFO] CrossReferenceDbSqlite:203 - Set database path to: C:\Users\GamingSystemOfUseV\.stmcufinder\plugins\mcufinder//mcu/cs/
2024-01-16 16:05:37,363 [INFO] MainPanel:262 - HeapMemory: 268435456
2024-01-16 16:05:37,622 [INFO] DbMcusXml:78 - Set database path to: C:\ST\STM32CubeIDE_1.13.2\STM32CubeIDE\plugins\com.st.stm32cube.common.mx_6.9.2.202309101412\\db\/mcu/
2024-01-16 16:05:37,622 [INFO] ApiDb:274 - Set plugin database path to: C:\ST\STM32CubeIDE_1.13.2\STM32CubeIDE\plugins\com.st.stm32cube.common.mx_6.9.2.202309101412\\db\/plugins/boardmanager/
2024-01-16 16:05:37,623 [INFO] ApiDb:261 - Set plugin images path to: C:\ST\STM32CubeIDE_1.13.2\STM32CubeIDE\plugins\com.st.stm32cube.common.mx_6.9.2.202309101412\\db\/plugins/mcufinder/images/
2024-01-16 16:05:37,623 [WARN] DbFile:41 - Overriding database path with different value: C:\Users\GamingSystemOfUseV\.stmcufinder\plugins\mcufinder/ => C:\Users\GamingSystemOfUseV\.stmcufinder\plugins\mcufinder
2024-01-16 16:05:37,624 [INFO] ApiDb:250 - Set database path to: C:\Users\GamingSystemOfUseV\.stmcufinder\plugins\mcufinder//mcu/
2024-01-16 16:05:37,624 [WARN] DbFile:41 - Overriding database path with different value: C:\Users\GamingSystemOfUseV\.stmcufinder\plugins\mcufinder/ => C:\Users\GamingSystemOfUseV\.stmcufinder\plugins\mcufinder
2024-01-16 16:05:37,624 [INFO] DbMcusAds:125 - Set database path to: C:\Users\GamingSystemOfUseV\.stmcufinder\plugins\mcufinder//mcu/
2024-01-16 16:05:37,624 [WARN] DbFile:41 - Overriding database path with different value: C:\Users\GamingSystemOfUseV\.stmcufinder\plugins\mcufinder/ => C:\Users\GamingSystemOfUseV\.stmcufinder\plugins\mcufinder
2024-01-16 16:05:37,624 [WARN] DbFile:41 - Overriding database path with different value: C:\Users\GamingSystemOfUseV\.stmcufinder\plugins\mcufinder/ => C:\Users\GamingSystemOfUseV\.stmcufinder\plugins\mcufinder
2024-01-16 16:05:37,624 [INFO] CrossReferenceDbSqlite:203 - Set database path to: C:\Users\GamingSystemOfUseV\.stmcufinder\plugins\mcufinder//mcu/cs/
2024-01-16 16:05:37,652 [INFO] ApplicationProperties:184 - Using Application install path: C:\ST\STM32CubeIDE_1.13.2\STM32CubeIDE\plugins\com.st.stm32cube.common.mx_6.9.2.202309101412
2024-01-16 16:05:37,653 [INFO] PluginManage:196 - Search for loadable plugins [exclusion list=, ]
2024-01-16 16:05:37,671 [INFO] PluginManage:310 - Check plugin analytics
2024-01-16 16:05:38,093 [INFO] AnalyticsPlugin:253 - Accepted Software Licenses: 
2024-01-16 16:05:38,093 [INFO] AnalyticsPlugin:255 - Accepted CMSIS Pack Licenses: 
2024-01-16 16:05:38,093 [INFO] AnalyticsPlugin:257 - Accepted Firmware Licenses: FW.F7.1.17.0
2024-01-16 16:05:38,097 [INFO] PluginManage:359 - Loaded plugin analytics (category:tool,tabindex:-1)
2024-01-16 16:05:38,097 [INFO] PluginManage:310 - Check plugin cadmodel
2024-01-16 16:05:38,152 [INFO] CADModel:105 - Init CAD model plugin
2024-01-16 16:05:38,152 [INFO] PluginManage:359 - Loaded plugin cadmodel (category:power,tabindex:5)
2024-01-16 16:05:38,152 [INFO] PluginManage:310 - Check plugin clock
2024-01-16 16:05:38,235 [INFO] PluginManage:359 - Loaded plugin clock (category:base,tabindex:2)
2024-01-16 16:05:38,236 [INFO] PluginManage:310 - Check plugin ddr
2024-01-16 16:05:38,261 [INFO] PluginManage:359 - Loaded plugin ddr (category:tool,tabindex:6)
2024-01-16 16:05:38,262 [INFO] PluginManage:310 - Check plugin filemanager
2024-01-16 16:05:38,834 [INFO] PluginManage:359 - Loaded plugin filemanager (category:base,tabindex:10)
2024-01-16 16:05:38,834 [INFO] PluginManage:310 - Check plugin ipmanager
2024-01-16 16:05:38,846 [INFO] PluginManage:359 - Loaded plugin ipmanager (category:base,tabindex:5)
2024-01-16 16:05:38,846 [INFO] PluginManage:310 - Check plugin lpbam
2024-01-16 16:05:38,898 [INFO] PluginManage:359 - Loaded plugin lpbam (category:base,tabindex:0)
2024-01-16 16:05:38,898 [INFO] PluginManage:310 - Check plugin memorymap
2024-01-16 16:05:39,055 [INFO] PluginManage:359 - Loaded plugin memorymap (category:base,tabindex:4)
2024-01-16 16:05:39,056 [INFO] PluginManage:310 - Check plugin pinoutandconfiguration
2024-01-16 16:05:39,089 [INFO] PluginManage:359 - Loaded plugin pinoutandconfiguration (category:base,tabindex:1)
2024-01-16 16:05:39,089 [INFO] PluginManage:310 - Check plugin pinoutconfig
2024-01-16 16:05:39,572 [WARN] SupportedApi:132 - Cannot load RTOS API schema: s4s-elt-must-match.1: The content of 'definitions' must match (annotation?, (simpleType | complexType)?, (unique | key | keyref)*)). A problem was found starting at: attribute.
2024-01-16 16:05:39,767 [INFO] PluginManage:359 - Loaded plugin pinoutconfig (category:base,tabindex:0)
2024-01-16 16:05:39,767 [INFO] PluginManage:310 - Check plugin power
2024-01-16 16:05:39,914 [INFO] PluginManage:359 - Loaded plugin power (category:power,tabindex:4)
2024-01-16 16:05:39,915 [INFO] PluginManage:310 - Check plugin projectmanager
2024-01-16 16:05:39,994 [INFO] PluginManage:359 - Loaded plugin projectmanager (category:projectmanager,tabindex:3)
2024-01-16 16:05:39,994 [INFO] PluginManage:310 - Check plugin thirdparty
2024-01-16 16:05:40,986 [INFO] PluginManage:359 - Loaded plugin thirdparty (category:base,tabindex:-1)
2024-01-16 16:05:40,986 [WARN] IntegrityCheckThread:84 - waiting for thirdparty lock release [integrity check]
2024-01-16 16:05:40,986 [INFO] PluginManage:310 - Check plugin tools
2024-01-16 16:05:40,986 [INFO] IntegrityCheckThread:86 - entering critical section [integrity check]
2024-01-16 16:05:40,987 [INFO] ThirdPartyUpdaterWithRetryManager:70 - Updater plugin not ready yet. [1/15]
2024-01-16 16:05:41,045 [INFO] PluginManage:359 - Loaded plugin tools (category:base,tabindex:7)
2024-01-16 16:05:41,046 [INFO] PluginManage:310 - Check plugin tutovideos
2024-01-16 16:05:41,402 [INFO] PluginManage:359 - Loaded plugin tutovideos (category:base,tabindex:-1)
2024-01-16 16:05:41,402 [INFO] PluginManage:310 - Check plugin updater
2024-01-16 16:05:41,464 [INFO] PluginManage:359 - Loaded plugin updater (category:base,tabindex:12)
2024-01-16 16:05:41,464 [INFO] PluginManage:310 - Check plugin userauth
2024-01-16 16:05:41,489 [INFO] UserAuth:113 - Init User Auth plugin
2024-01-16 16:05:41,490 [INFO] PluginManage:359 - Loaded plugin userauth (category:base,tabindex:14)
2024-01-16 16:05:41,490 [INFO] PluginManage:283 - PluginManage : Loaded plugins [17]
2024-01-16 16:05:42,080 [INFO] PinOutPanel:1499 - setPackage(No Configuration,No Configuration)
2024-01-16 16:05:42,424 [INFO] CADModel:165 - CPN selected for project level
2024-01-16 16:05:42,425 [INFO] CADModel:114 - Register for checkConnection events
2024-01-16 16:05:42,543 [INFO] IPUIPlugin:80 - create IPUIPlugin
2024-01-16 16:05:42,543 [INFO] PluginManager:220 - loadIPPluginJar : add adc
2024-01-16 16:05:42,632 [INFO] IPUIPlugin:80 - create IPUIPlugin
2024-01-16 16:05:42,632 [INFO] PluginManager:220 - loadIPPluginJar : add aes
2024-01-16 16:05:42,693 [INFO] IPUIPlugin:80 - create IPUIPlugin
2024-01-16 16:05:42,693 [INFO] PluginManager:220 - loadIPPluginJar : add can
2024-01-16 16:05:42,768 [INFO] IPUIPlugin:80 - create IPUIPlugin
2024-01-16 16:05:42,768 [INFO] PluginManager:220 - loadIPPluginJar : add comp
2024-01-16 16:05:42,822 [INFO] IPUIPlugin:80 - create IPUIPlugin
2024-01-16 16:05:42,822 [INFO] PluginManager:220 - loadIPPluginJar : add cryp
2024-01-16 16:05:42,898 [INFO] IPUIPlugin:80 - create IPUIPlugin
2024-01-16 16:05:42,899 [INFO] PluginManager:220 - loadIPPluginJar : add dfsdm
2024-01-16 16:05:42,927 [INFO] IPUIPlugin:80 - create IPUIPlugin
2024-01-16 16:05:42,928 [INFO] PluginManager:220 - loadIPPluginJar : add dma
2024-01-16 16:05:42,978 [INFO] IPUIPlugin:80 - create IPUIPlugin
2024-01-16 16:05:42,978 [INFO] PluginManager:220 - loadIPPluginJar : add dma3
2024-01-16 16:05:43,018 [INFO] IPUIPlugin:80 - create IPUIPlugin
2024-01-16 16:05:43,018 [INFO] PluginManager:220 - loadIPPluginJar : add fatfs
2024-01-16 16:05:43,087 [INFO] IPUIPlugin:80 - create IPUIPlugin
2024-01-16 16:05:43,087 [INFO] PluginManager:220 - loadIPPluginJar : add fmc
2024-01-16 16:05:43,162 [INFO] IPUIPlugin:80 - create IPUIPlugin
2024-01-16 16:05:43,162 [INFO] PluginManager:220 - loadIPPluginJar : add freertos
2024-01-16 16:05:43,204 [INFO] IPUIPlugin:80 - create IPUIPlugin
2024-01-16 16:05:43,205 [INFO] PluginManager:220 - loadIPPluginJar : add genericplugin
2024-01-16 16:05:43,369 [INFO] IPUIPlugin:80 - create IPUIPlugin
2024-01-16 16:05:43,369 [INFO] PluginManager:220 - loadIPPluginJar : add gfxmmu
2024-01-16 16:05:43,524 [INFO] IPUIPlugin:80 - create IPUIPlugin
2024-01-16 16:05:43,524 [INFO] PluginManager:220 - loadIPPluginJar : add gic
2024-01-16 16:05:43,555 [INFO] IPUIPlugin:80 - create IPUIPlugin
2024-01-16 16:05:43,555 [INFO] PluginManager:220 - loadIPPluginJar : add gpio
2024-01-16 16:05:43,691 [INFO] IPUIPlugin:80 - create IPUIPlugin
2024-01-16 16:05:43,691 [INFO] PluginManager:220 - loadIPPluginJar : add gtzc
2024-01-16 16:05:43,773 [INFO] IPUIPlugin:80 - create IPUIPlugin
2024-01-16 16:05:43,773 [INFO] PluginManager:220 - loadIPPluginJar : add hash
2024-01-16 16:05:43,853 [INFO] IPUIPlugin:80 - create IPUIPlugin
2024-01-16 16:05:43,853 [INFO] PluginManager:220 - loadIPPluginJar : add i2c
2024-01-16 16:05:43,933 [INFO] IPUIPlugin:80 - create IPUIPlugin
2024-01-16 16:05:43,933 [INFO] PluginManager:220 - loadIPPluginJar : add i2s
2024-01-16 16:05:43,989 [INFO] ThirdPartyUpdaterWithRetryManager:70 - Updater plugin not ready yet. [2/15]
2024-01-16 16:05:44,013 [INFO] IPUIPlugin:80 - create IPUIPlugin
2024-01-16 16:05:44,013 [INFO] PluginManager:220 - loadIPPluginJar : add i3c
2024-01-16 16:05:44,211 [INFO] IPUIPlugin:80 - create IPUIPlugin
2024-01-16 16:05:44,211 [INFO] PluginManager:220 - loadIPPluginJar : add ipddr
2024-01-16 16:05:44,343 [INFO] IPUIPlugin:80 - create IPUIPlugin
2024-01-16 16:05:44,344 [INFO] PluginManager:220 - loadIPPluginJar : add linkedlist
2024-01-16 16:05:44,442 [INFO] IPUIPlugin:80 - create IPUIPlugin
2024-01-16 16:05:44,443 [INFO] PluginManager:220 - loadIPPluginJar : add lorawan
2024-01-16 16:05:44,502 [INFO] IPUIPlugin:80 - create IPUIPlugin
2024-01-16 16:05:44,502 [INFO] PluginManager:220 - loadIPPluginJar : add ltdc
2024-01-16 16:05:44,560 [INFO] IPUIPlugin:80 - create IPUIPlugin
2024-01-16 16:05:44,560 [INFO] PluginManager:220 - loadIPPluginJar : add mdma
2024-01-16 16:05:44,582 [INFO] IPUIPlugin:80 - create IPUIPlugin
2024-01-16 16:05:44,583 [INFO] PluginManager:220 - loadIPPluginJar : add nvic
2024-01-16 16:05:44,852 [INFO] IPUIPlugin:80 - create IPUIPlugin
2024-01-16 16:05:44,852 [INFO] PluginManager:220 - loadIPPluginJar : add opamp
2024-01-16 16:05:44,953 [INFO] IPUIPlugin:80 - create IPUIPlugin
2024-01-16 16:05:44,954 [INFO] PluginManager:220 - loadIPPluginJar : add openamp
2024-01-16 16:05:45,033 [INFO] IPUIPlugin:80 - create IPUIPlugin
2024-01-16 16:05:45,033 [INFO] PluginManager:220 - loadIPPluginJar : add pdm2pcm
2024-01-16 16:05:45,102 [INFO] IPUIPlugin:80 - create IPUIPlugin
2024-01-16 16:05:45,104 [INFO] PluginManager:220 - loadIPPluginJar : add plateformsettings
2024-01-16 16:05:45,162 [INFO] IPUIPlugin:80 - create IPUIPlugin
2024-01-16 16:05:45,162 [INFO] PluginManager:220 - loadIPPluginJar : add quadspi
2024-01-16 16:05:45,209 [INFO] IPUIPlugin:80 - create IPUIPlugin
2024-01-16 16:05:45,209 [INFO] PluginManager:220 - loadIPPluginJar : add resmgrutility
2024-01-16 16:05:45,308 [INFO] IPUIPlugin:80 - create IPUIPlugin
2024-01-16 16:05:45,308 [INFO] PluginManager:220 - loadIPPluginJar : add sai
2024-01-16 16:05:45,370 [INFO] IPUIPlugin:80 - create IPUIPlugin
2024-01-16 16:05:45,370 [INFO] PluginManager:220 - loadIPPluginJar : add spi
2024-01-16 16:05:45,468 [INFO] IPUIPlugin:80 - create IPUIPlugin
2024-01-16 16:05:45,469 [INFO] PluginManager:220 - loadIPPluginJar : add stm32_wpan
2024-01-16 16:05:45,516 [INFO] IPUIPlugin:80 - create IPUIPlugin
2024-01-16 16:05:45,516 [INFO] PluginManager:220 - loadIPPluginJar : add tim
2024-01-16 16:05:45,595 [INFO] IPUIPlugin:80 - create IPUIPlugin
2024-01-16 16:05:45,595 [INFO] PluginManager:220 - loadIPPluginJar : add touchsensing
2024-01-16 16:05:45,636 [INFO] IPUIPlugin:80 - create IPUIPlugin
2024-01-16 16:05:45,636 [INFO] PluginManager:220 - loadIPPluginJar : add tracer_emb
2024-01-16 16:05:45,688 [INFO] IPUIPlugin:80 - create IPUIPlugin
2024-01-16 16:05:45,688 [INFO] PluginManager:220 - loadIPPluginJar : add ts
2024-01-16 16:05:45,729 [INFO] IPUIPlugin:80 - create IPUIPlugin
2024-01-16 16:05:45,729 [INFO] PluginManager:220 - loadIPPluginJar : add tsc
2024-01-16 16:05:45,781 [INFO] IPUIPlugin:80 - create IPUIPlugin
2024-01-16 16:05:45,781 [INFO] PluginManager:220 - loadIPPluginJar : add ucpd
2024-01-16 16:05:45,900 [INFO] IPUIPlugin:80 - create IPUIPlugin
2024-01-16 16:05:45,900 [INFO] PluginManager:220 - loadIPPluginJar : add usart
2024-01-16 16:05:45,966 [INFO] IPUIPlugin:80 - create IPUIPlugin
2024-01-16 16:05:45,966 [INFO] PluginManager:220 - loadIPPluginJar : add usbx
2024-01-16 16:05:46,231 [INFO] CADModel:165 - CPN selected for project level
2024-01-16 16:05:46,232 [INFO] CADModel:114 - Register for checkConnection events
2024-01-16 16:05:46,232 [FATAL] Updater:308 - Updater called before beeing initialized
2024-01-16 16:05:46,232 [ERROR] CADModel:125 - Updater not yet initialized, retry later 
2024-01-16 16:05:46,791 [INFO] CADModel:165 - CPN selected for project level
2024-01-16 16:05:46,791 [INFO] CADModel:114 - Register for checkConnection events
2024-01-16 16:05:46,791 [FATAL] Updater:308 - Updater called before beeing initialized
2024-01-16 16:05:46,791 [ERROR] CADModel:125 - Updater not yet initialized, retry later 
2024-01-16 16:05:46,838 [FATAL] Updater:308 - Updater called before beeing initialized
2024-01-16 16:05:46,990 [INFO] ThirdPartyUpdaterWithRetryManager:70 - Updater plugin not ready yet. [3/15]
2024-01-16 16:05:47,075 [FATAL] Updater:308 - Updater called before beeing initialized
2024-01-16 16:05:47,087 [INFO] DbMcusAds:53 - JSON generation date=Wed Nov 29 11:52:27 CET 2023 (1701255147349)
2024-01-16 16:05:47,088 [FATAL] Updater:308 - Updater called before beeing initialized
2024-01-16 16:05:47,509 [WARN] DetailPanel:346 - Failed to get advertising image, set to default
2024-01-16 16:05:47,674 [FATAL] Updater:308 - Updater called before beeing initialized
2024-01-16 16:05:47,677 [FATAL] Updater:308 - Updater called before beeing initialized
2024-01-16 16:05:47,677 [FATAL] Updater:308 - Updater called before beeing initialized
2024-01-16 16:05:47,678 [WARN] DetailPanel:346 - Failed to get advertising image, set to default
2024-01-16 16:05:47,679 [FATAL] Updater:308 - Updater called before beeing initialized
2024-01-16 16:05:47,833 [ERROR] Updater:1120 - MainUpdater not yet initialized. External WinMGr cannot be set.
2024-01-16 16:05:47,859 [INFO] Updater:1056 - Updater Version found : 6.9.2
2024-01-16 16:05:47,906 [INFO] ApplicationProperties:184 - Using Application install path: C:\ST\STM32CubeIDE_1.13.2\STM32CubeIDE\plugins\com.st.stm32cube.common.mx_6.9.2.202309101412
2024-01-16 16:05:48,645 [INFO] MainUpdater:2868 - connection check result : 10
2024-01-16 16:05:48,646 [INFO] MainUpdater:285 - Updater Check For Update Now.
2024-01-16 16:05:48,646 [INFO] MicroXplorer:498 - Change Database Version : DB.6.0.92
2024-01-16 16:05:48,725 [INFO] McuFinderGlobals:63 - Set McuFinder mode to 2 (CubeIDE integrated)
2024-01-16 16:05:48,726 [INFO] UserAuth:179 - activating auth plugin
2024-01-16 16:05:48,784 [INFO] UserAuth:393 - Internet connection configuration mode: 1
2024-01-16 16:05:49,022 [INFO] JxBrowserEngine:151 - Initiate JxBrowser Engine with user profile folder
2024-01-16 16:05:49,964 [INFO] CheckServerUpdateThread:120 - End of CheckServer Thread
2024-01-16 16:05:52,343 [WARN] PackLoader:240 - Cannot read IP mode file for STMicroelectronics.X-CUBE-SMBUS.2.1.0
2024-01-16 16:05:52,430 [WARN] PackLoader:240 - Cannot read IP mode file for STMicroelectronics.X-CUBE-TOUCHGFX.4.23.0
2024-01-16 16:05:52,509 [WARN] PackLoader:240 - Cannot read IP mode file for STMicroelectronics.X-CUBE-AZRTOS-F7.1.1.0
2024-01-16 16:05:52,570 [WARN] PackLoader:240 - Cannot read IP mode file for STMicroelectronics.FP-SNS-MOTENV1.4.3.2
2024-01-16 16:05:52,615 [WARN] PackLoader:240 - Cannot read IP mode file for STMicroelectronics.FP-SNS-FLIGHT1.5.0.2
2024-01-16 16:05:52,654 [WARN] PackLoader:240 - Cannot read IP mode file for STMicroelectronics.X-CUBE-DISPLAY.3.0.0
2024-01-16 16:05:52,776 [WARN] PackLoader:240 - Cannot read IP mode file for STMicroelectronics.X-CUBE-BLE1.7.0.0
2024-01-16 16:05:52,822 [WARN] PackLoader:240 - Cannot read IP mode file for emotas.I-CUBE-CANOPEN.1.3.0
2024-01-16 16:05:52,918 [WARN] PackLoader:240 - Cannot read IP mode file for STMicroelectronics.X-CUBE-TOUCHGFX.4.22.1
2024-01-16 16:05:52,947 [WARN] PackLoader:240 - Cannot read IP mode file for STMicroelectronics.FP-SNS-SMARTAG2.1.2.0
2024-01-16 16:05:53,000 [INFO] LogOutputStream:77 - [STDOUT_REDIRECT] 1 : Invalid condition id : UX_CORESTACK_Condition cause : null
2024-01-16 16:05:53,000 [INFO] LogOutputStream:77 - [STDOUT_REDIRECT] 1 : Invalid condition id : UX_CORESTACK_Condition cause : null
2024-01-16 16:05:53,006 [INFO] LogOutputStream:77 - [STDOUT_REDIRECT] 1 : Invalid condition id : UX_CORESTACK_Condition cause : null
2024-01-16 16:05:53,009 [INFO] LogOutputStream:77 - [STDOUT_REDIRECT] 1 : Invalid condition id : UX_CORESTACK_Condition cause : null
2024-01-16 16:05:53,012 [INFO] LogOutputStream:77 - [STDOUT_REDIRECT] 1 : Invalid condition id : UX_CORESTACK_Condition cause : null
2024-01-16 16:05:53,031 [WARN] PackLoader:240 - Cannot read IP mode file for STMicroelectronics.X-CUBE-AZRTOS-WL.2.0.0
2024-01-16 16:05:53,126 [WARN] PackLoader:240 - Cannot read IP mode file for WES.I-CUBE-Cesium.1.3.0
2024-01-16 16:05:53,196 [WARN] PackLoader:240 - Cannot read IP mode file for STMicroelectronics.X-CUBE-BLE2.3.3.0
2024-01-16 16:05:53,269 [WARN] PackLoader:240 - Cannot read IP mode file for STMicroelectronics.X-CUBE-ALGOBUILD.1.3.0
2024-01-16 16:05:53,386 [WARN] PackLoader:240 - Cannot read IP mode file for STMicroelectronics.X-CUBE-AZRTOS-G0.1.1.0
2024-01-16 16:05:53,427 [WARN] PackLoader:240 - Cannot read IP mode file for STMicroelectronics.X-CUBE-NFC4.3.0.0
2024-01-16 16:05:53,483 [WARN] PackLoader:240 - Cannot read IP mode file for STMicroelectronics.X-CUBE-BLEMGR.3.0.0
2024-01-16 16:05:53,554 [WARN] PackLoader:240 - Cannot read IP mode file for STMicroelectronics.FP-ATR-SIGFOX1.3.2.0
2024-01-16 16:05:53,596 [WARN] PackLoader:240 - Cannot read IP mode file for STMicroelectronics.X-CUBE-GNSS1.6.0.0
2024-01-16 16:05:53,736 [WARN] PackLoader:240 - Cannot read IP mode file for STMicroelectronics.X-CUBE-AZRTOS-F4.1.1.0
2024-01-16 16:05:53,832 [WARN] PackLoader:240 - Cannot read IP mode file for wolfSSL.I-CUBE-wolfSSL.5.6.3
2024-01-16 16:05:53,943 [WARN] PackLoader:240 - Cannot read IP mode file for STMicroelectronics.X-CUBE-AZRTOS-L5.2.0.0
2024-01-16 16:05:53,977 [WARN] PackLoader:240 - Cannot read IP mode file for STMicroelectronics.X-CUBE-EEPRMA1.4.2.0
2024-01-16 16:05:54,027 [WARN] PackLoader:240 - Cannot read IP mode file for ITTIA_DB.I-CUBE-ITTIADB.8.8.0
2024-01-16 16:05:54,093 [WARN] PackLoader:240 - Cannot read IP mode file for STMicroelectronics.X-CUBE-BLEMGR.2.0.0
2024-01-16 16:05:54,170 [WARN] ConditionMgr:438 - getConditionDescription Invalid condition id : UX DEVICE CLASS RTOS Condition cause : null
2024-01-16 16:05:54,170 [WARN] ConditionMgr:438 - getConditionDescription Invalid condition id : UX DEVICE CLASS RTOS Condition cause : null
2024-01-16 16:05:54,174 [WARN] PackLoader:240 - Cannot read IP mode file for STMicroelectronics.X-CUBE-AZRTOS-H7.3.1.0
2024-01-16 16:05:54,175 [WARN] ConditionMgr:1039 - genDependencies : Invalid condition id : UX DEVICE CLASS RTOS Condition cause : null
2024-01-16 16:05:54,175 [WARN] ConditionMgr:1039 - genDependencies : Invalid condition id : UX DEVICE CLASS RTOS Condition cause : null
2024-01-16 16:05:54,176 [WARN] ConditionMgr:1039 - genDependencies : Invalid condition id : UX DEVICE CLASS RTOS Condition cause : null
2024-01-16 16:05:54,177 [WARN] ConditionMgr:1039 - genDependencies : Invalid condition id : UX DEVICE CLASS RTOS Condition cause : null
2024-01-16 16:05:54,177 [WARN] ConditionMgr:1039 - genDependencies : Invalid condition id : UX DEVICE CLASS RTOS Condition cause : null
2024-01-16 16:05:54,247 [WARN] PackLoader:240 - Cannot read IP mode file for STMicroelectronics.X-CUBE-NFC7.1.0.1
2024-01-16 16:05:54,283 [WARN] PackLoader:240 - Cannot read IP mode file for STMicroelectronics.X-CUBE-NFC6.3.0.0
2024-01-16 16:05:54,321 [WARN] PackLoader:240 - Cannot read IP mode file for STMicroelectronics.X-CUBE-AI.8.1.0
2024-01-16 16:05:54,374 [WARN] ConditionMgr:438 - getConditionDescription Invalid condition id : LAN8742 Phy interface Condition cause : null
2024-01-16 16:05:54,375 [WARN] PackLoader:240 - Cannot read IP mode file for STMicroelectronics.X-CUBE-AZRTOS-L4.2.0.0
2024-01-16 16:05:54,376 [WARN] ConditionMgr:1039 - genDependencies : Invalid condition id : LAN8742 Phy interface Condition cause : null
2024-01-16 16:05:54,377 [WARN] ConditionMgr:1039 - genDependencies : Invalid condition id : LAN8742 Phy interface Condition cause : null
2024-01-16 16:05:54,377 [WARN] ConditionMgr:1039 - genDependencies : Invalid condition id : LAN8742 Phy interface Condition cause : null
2024-01-16 16:05:54,421 [WARN] PackLoader:240 - Cannot read IP mode file for STMicroelectronics.X-CUBE-SFXS2LP1.4.0.0
2024-01-16 16:05:54,484 [WARN] PackLoader:240 - Cannot read IP mode file for STMicroelectronics.X-CUBE-ISPU.1.1.0
2024-01-16 16:05:54,541 [WARN] ConditionMgr:438 - getConditionDescription Invalid condition id : UX DEVICE CLASS RTOS Condition cause : null
2024-01-16 16:05:54,542 [WARN] ConditionMgr:438 - getConditionDescription Invalid condition id : UX DEVICE CLASS RTOS Condition cause : null
2024-01-16 16:05:54,546 [WARN] PackLoader:240 - Cannot read IP mode file for STMicroelectronics.X-CUBE-AZRTOS-WB.2.0.0
2024-01-16 16:05:54,547 [WARN] ConditionMgr:1039 - genDependencies : Invalid condition id : UX DEVICE CLASS RTOS Condition cause : null
2024-01-16 16:05:54,547 [WARN] ConditionMgr:1039 - genDependencies : Invalid condition id : UX DEVICE CLASS RTOS Condition cause : null
2024-01-16 16:05:54,547 [WARN] ConditionMgr:1039 - genDependencies : Invalid condition id : UX DEVICE CLASS RTOS Condition cause : null
2024-01-16 16:05:54,548 [WARN] ConditionMgr:1039 - genDependencies : Invalid condition id : UX DEVICE CLASS RTOS Condition cause : null
2024-01-16 16:05:54,548 [WARN] ConditionMgr:1039 - genDependencies : Invalid condition id : UX DEVICE CLASS RTOS Condition cause : null
2024-01-16 16:05:54,583 [WARN] PackLoader:240 - Cannot read IP mode file for STMicroelectronics.X-CUBE-SUBG2.5.0.0
2024-01-16 16:05:54,688 [WARN] PackLoader:240 - Cannot read IP mode file for STMicroelectronics.X-CUBE-TOF1.3.3.1
2024-01-16 16:05:55,370 [WARN] PackLoader:240 - Cannot read IP mode file for STMicroelectronics.X-CUBE-AZRTOS-G4.2.0.0
2024-01-16 16:05:55,648 [WARN] PackLoader:240 - Cannot read IP mode file for Infineon.AIROC-Wi-Fi-Bluetooth-STM32.1.5.1
2024-01-16 16:05:55,718 [WARN] PackLoader:240 - Cannot read IP mode file for STMicroelectronics.FP-SNS-MOTENVWB1.1.3.0
2024-01-16 16:05:55,780 [WARN] PackLoader:240 - Cannot read IP mode file for STMicroelectronics.FP-SNS-MOTENVWB1.1.3.1
2024-01-16 16:05:55,894 [WARN] PackLoader:240 - Cannot read IP mode file for STMicroelectronics.X-CUBE-ISPU.2.0.0
2024-01-16 16:05:56,464 [WARN] PackLoader:240 - Cannot read IP mode file for STMicroelectronics.X-CUBE-MEMS1.10.0.0
2024-01-16 16:05:56,749 [WARN] PackLoader:240 - Cannot read IP mode file for STMicroelectronics.X-CUBE-FREERTOS.1.1.0
2024-01-16 16:05:56,789 [WARN] PackLoader:240 - Cannot read IP mode file for portGmbH.I-Cube-SoM-uGOAL.1.1.0
2024-01-16 16:05:56,882 [WARN] PackLoader:240 - Cannot read IP mode file for STMicroelectronics.X-CUBE-ALS.1.0.1
2024-01-16 16:05:56,992 [WARN] PackLoader:240 - Cannot read IP mode file for STMicroelectronics.FP-ATR-ASTRA1.2.0.0
2024-01-16 16:05:57,102 [WARN] PackLoader:240 - Cannot read IP mode file for STMicroelectronics.X-CUBE-TOF1.3.4.0
2024-01-16 16:05:57,236 [WARN] PackLoader:240 - Cannot read IP mode file for STMicroelectronics.X-CUBE-AZRTOS-H7.3.2.0
2024-01-16 16:05:57,248 [INFO] ThirdParty:978 - Integrity check success = true
2024-01-16 16:05:57,248 [INFO] IntegrityCheckThread:100 - exiting critical section [integrity check]
2024-01-16 16:05:57,249 [INFO] IntegrityCheckThread:103 - End integrity checks thread
2024-01-16 16:06:07,933 [INFO] WebApp:157 - Instantiating new browser for Auth
2024-01-16 16:06:13,904 [INFO] WebApp:753 - Register for checkConnection events
2024-01-16 16:06:13,904 [INFO] WebApp:390 - Apply proxy settings
2024-01-16 16:06:13,904 [INFO] WebApp:475 - Chromium requires no authentication
2024-01-16 16:06:13,915 [INFO] WebApp:418 - Direct internet connection detected
2024-01-16 16:06:14,729 [INFO] WebApp:188 - Starting web application
2024-01-16 16:06:14,729 [INFO] WebApp:520 - Web application path used C:\ST\STM32CubeIDE_1.13.2\STM32CubeIDE\plugins\com.st.stm32cube.common.mx_6.9.2.202309101412\db\plugins\mcufinder\reactClient1\index.html
2024-01-16 16:06:41,141 [ERROR] LogOutputStream:75 - [STDERR_REDIRECT] SLF4J: Failed to load class "org.slf4j.impl.StaticLoggerBinder".
2024-01-16 16:06:41,142 [ERROR] LogOutputStream:75 - [STDERR_REDIRECT] SLF4J: Defaulting to no-operation (NOP) logger implementation
2024-01-16 16:06:41,145 [ERROR] LogOutputStream:75 - [STDERR_REDIRECT] SLF4J: See http://www.slf4j.org/codes.html#StaticLoggerBinder for further details.
2024-01-16 16:28:14,280 [INFO] McuFinderGlobals:63 - Set McuFinder mode to 2 (CubeIDE integrated)
2024-01-16 16:28:14,405 [INFO] MainUpdater:2868 - connection check result : 10
2024-01-16 16:28:14,425 [INFO] MainUpdater:2868 - connection check result : 10
2024-01-16 16:28:16,233 [INFO] MicroXplorer:468 - Change Database Path : 
2024-01-16 16:28:16,234 [INFO] MicroXplorer:498 - Change Database Version : DB.6.0.92
2024-01-16 16:28:16,263 [WARN] ThirdParty:871 - waiting for thirdparty lock release [close project]
2024-01-16 16:28:16,263 [INFO] ThirdParty:873 - entering critical section [close project]
2024-01-16 16:28:16,264 [INFO] ThirdParty:883 - exiting critical section [close project]
2024-01-16 16:28:16,266 [INFO] PinOutPanel:1499 - setPackage(No Configuration,No Configuration)
2024-01-16 16:28:16,272 [INFO] UtilMem:75 - Begin LoadConfig() Used Memory: 679203432 Bytes (1061158912)
2024-01-16 16:28:16,290 [INFO] MicroXplorer:468 - Change Database Path : 
2024-01-16 16:28:16,290 [INFO] MicroXplorer:498 - Change Database Version : DB.6.0.92
2024-01-16 16:28:16,290 [INFO] OpenFileManager:308 - Change cursor
2024-01-16 16:28:16,621 [INFO] Mcu:1946 - Initializing MCU STM32F746ZGTx STM32F746ZGTx STM32F746ZGT6
2024-01-16 16:28:22,127 [INFO] Context:659 - Trying to add GPIOservice into a context  which must be forbidden
2024-01-16 16:28:23,310 [INFO] RtosManager:555 - Registered RTOS mode: class=CMSIS, group=RTOS, mode=CMSIS_V1, owner=FREERTOS
2024-01-16 16:28:23,310 [INFO] RtosManager:555 - Registered RTOS mode: class=CMSIS, group=RTOS2, mode=CMSIS_V2, owner=FREERTOS
2024-01-16 16:28:23,310 [INFO] RtosManager:555 - Registered RTOS mode: class=RTOS, group=Core, mode=CMSIS_V1, owner=FREERTOS
2024-01-16 16:28:23,310 [INFO] RtosManager:555 - Registered RTOS mode: class=RTOS, group=Core, mode=CMSIS_V2, owner=FREERTOS
2024-01-16 16:28:23,311 [WARN] ModelIntegratedComponent:184 - Missing modes for component STMicroelectronics:FreeRTOS:0.0.1:STMicroelectronics:RTOS:FreeRTOS:Core:::10.2.0:
2024-01-16 16:28:23,344 [WARN] ModelIntegratedComponent:63 - No mode defined for component null
2024-01-16 16:28:23,345 [WARN] ModelIntegratedComponent:63 - No mode defined for component null
2024-01-16 16:28:23,345 [WARN] ModelIntegratedComponent:63 - No mode defined for component null
2024-01-16 16:28:23,345 [WARN] ModelIntegratedComponent:63 - No mode defined for component null
2024-01-16 16:28:23,345 [WARN] ModelIntegratedComponent:63 - No mode defined for component null
2024-01-16 16:28:23,345 [WARN] ModelIntegratedComponent:63 - No mode defined for component null
2024-01-16 16:28:23,345 [WARN] ModelIntegratedComponent:63 - No mode defined for component null
2024-01-16 16:28:23,345 [WARN] ModelIntegratedComponent:63 - No mode defined for component null
2024-01-16 16:28:23,345 [WARN] ModelIntegratedComponent:63 - No mode defined for component null
2024-01-16 16:28:23,345 [WARN] ModelIntegratedComponent:63 - No mode defined for component null
2024-01-16 16:28:23,345 [WARN] ModelIntegratedComponent:63 - No mode defined for component null
2024-01-16 16:28:23,345 [WARN] ModelIntegratedComponent:63 - No mode defined for component null
2024-01-16 16:28:23,345 [WARN] ModelIntegratedComponent:63 - No mode defined for component null
2024-01-16 16:28:23,346 [WARN] ModelIntegratedComponent:63 - No mode defined for component null
2024-01-16 16:28:23,346 [WARN] ModelIntegratedComponent:63 - No mode defined for component null
2024-01-16 16:28:23,346 [WARN] ModelIntegratedComponent:63 - No mode defined for component null
2024-01-16 16:28:23,346 [WARN] ModelIntegratedComponent:63 - No mode defined for component null
2024-01-16 16:28:23,346 [WARN] ModelIntegratedComponent:63 - No mode defined for component null
2024-01-16 16:28:23,346 [WARN] ModelIntegratedComponent:63 - No mode defined for component null
2024-01-16 16:28:23,346 [WARN] ModelIntegratedComponent:63 - No mode defined for component null
2024-01-16 16:28:23,346 [WARN] ModelIntegratedComponent:63 - No mode defined for component null
2024-01-16 16:28:23,346 [WARN] ModelIntegratedComponent:63 - No mode defined for component null
2024-01-16 16:28:23,346 [WARN] ModelIntegratedComponent:63 - No mode defined for component null
2024-01-16 16:28:23,346 [WARN] ModelIntegratedComponent:63 - No mode defined for component null
2024-01-16 16:28:23,346 [WARN] ModelIntegratedComponent:63 - No mode defined for component null
2024-01-16 16:28:23,347 [WARN] ModelIntegratedComponent:63 - No mode defined for component null
2024-01-16 16:28:23,347 [WARN] ModelIntegratedComponent:63 - No mode defined for component null
2024-01-16 16:28:23,347 [WARN] ModelIntegratedComponent:63 - No mode defined for component null
2024-01-16 16:28:23,347 [WARN] ModelIntegratedComponent:63 - No mode defined for component null
2024-01-16 16:28:23,347 [WARN] ModelIntegratedComponent:63 - No mode defined for component null
2024-01-16 16:28:23,347 [WARN] ModelIntegratedComponent:63 - No mode defined for component null
2024-01-16 16:28:23,347 [WARN] ModelIntegratedComponent:63 - No mode defined for component null
2024-01-16 16:28:23,347 [WARN] ModelIntegratedComponent:63 - No mode defined for component null
2024-01-16 16:28:23,577 [INFO] ThirdPartyModel:298 - Start build external matchings
2024-01-16 16:28:24,211 [INFO] ThirdPartyModel:316 - End build external matchings
2024-01-16 16:28:24,249 [INFO] ImportTextPane:194 - (OptionalMessage_ERROR) IP (RCC) : Invalid parameter (48MHZClocksFreq_Value)
2024-01-16 16:28:24,250 [INFO] ImportTextPane:194 - (OptionalMessage_ERROR) IP (RCC) : Invalid parameter (ADC12outputFreq_Value)
2024-01-16 16:28:24,250 [INFO] ImportTextPane:194 - (OptionalMessage_ERROR) IP (RCC) : Invalid parameter (ADC34outputFreq_Value)
2024-01-16 16:28:24,250 [INFO] ImportTextPane:194 - (OptionalMessage_ERROR) IP (RCC) : Invalid parameter (FamilyName)
2024-01-16 16:28:24,250 [INFO] ImportTextPane:194 - (OptionalMessage_ERROR) IP (RCC) : Invalid parameter (I2SClocksFreq_Value)
2024-01-16 16:28:24,250 [INFO] ImportTextPane:194 - (OptionalMessage_ERROR) IP (RCC) : Parameter (LCDTFToutputFreq_Value) has invalid value (96000000)
2024-01-16 16:28:24,251 [INFO] ImportTextPane:194 - (OptionalMessage_ERROR) IP (RCC) : Invalid parameter (MCOFreq_Value)
2024-01-16 16:28:24,252 [INFO] ImportTextPane:194 - (OptionalMessage_ERROR) IP (RCC) : Invalid parameter (PLLMCOFreq_Value)
2024-01-16 16:28:24,252 [INFO] ImportTextPane:194 - (OptionalMessage_ERROR) IP (RCC) : Invalid parameter (PLLMUL)
2024-01-16 16:28:24,253 [INFO] ImportTextPane:194 - (OptionalMessage_ERROR) IP (RCC) : Invalid parameter (PRESCALERUSB)
2024-01-16 16:28:24,253 [INFO] ImportTextPane:194 - (OptionalMessage_ERROR) IP (RCC) : Invalid parameter (RTCHSEDivFreq_Value)
2024-01-16 16:28:24,254 [INFO] ImportTextPane:194 - (OptionalMessage_ERROR) IP (RCC) : Parameter (SDMMCFreq_Value) has invalid value (72000000)
2024-01-16 16:28:24,254 [INFO] ImportTextPane:194 - (OptionalMessage_ERROR) IP (RCC) : Invalid parameter (SYSCLKSourceVirtual)
2024-01-16 16:28:24,254 [INFO] ImportTextPane:194 - (OptionalMessage_ERROR) IP (RCC) : Invalid parameter (TIM15Freq_Value)
2024-01-16 16:28:24,254 [INFO] ImportTextPane:194 - (OptionalMessage_ERROR) IP (RCC) : Invalid parameter (TIM16Freq_Value)
2024-01-16 16:28:24,254 [INFO] ImportTextPane:194 - (OptionalMessage_ERROR) IP (RCC) : Invalid parameter (TIM17Freq_Value)
2024-01-16 16:28:24,254 [INFO] ImportTextPane:194 - (OptionalMessage_ERROR) IP (RCC) : Invalid parameter (TIM1Freq_Value)
2024-01-16 16:28:24,254 [INFO] ImportTextPane:194 - (OptionalMessage_ERROR) IP (RCC) : Invalid parameter (TIM20Freq_Value)
2024-01-16 16:28:24,254 [INFO] ImportTextPane:194 - (OptionalMessage_ERROR) IP (RCC) : Invalid parameter (TIM2Freq_Value)
2024-01-16 16:28:24,254 [INFO] ImportTextPane:194 - (OptionalMessage_ERROR) IP (RCC) : Invalid parameter (TIM3Freq_Value)
2024-01-16 16:28:24,254 [INFO] ImportTextPane:194 - (OptionalMessage_ERROR) IP (RCC) : Invalid parameter (TIM8Freq_Value)
2024-01-16 16:28:24,255 [INFO] ImportTextPane:194 - (OptionalMessage_ERROR) IP (RCC) : Invalid parameter (VCOOutput2Freq_Value)
2024-01-16 16:28:24,255 [INFO] ImportTextPane:194 - (OptionalMessage_ERROR) IP (RCC) : Invalid parameter (VcooutputI2S)
2024-01-16 16:28:25,574 [INFO] UtilMem:75 - End LoadConfig() Used Memory: 578972536 Bytes (1071644672)
2024-01-16 16:28:38,426 [INFO] ApiDb:581 - Connected to CubeFinder SQLite database (C:\Users\GamingSystemOfUseV\.stmcufinder\plugins\mcufinder\mcu\cube-finder-db.db)
2024-01-16 16:28:38,794 [INFO] ApiDb:668 - CubeFinder database Data Model version=2.1
2024-01-16 16:28:38,794 [INFO] ApiDb:669 - CubeFinder database Configuration version=3.0.39
2024-01-16 16:28:38,795 [INFO] ApiDb:670 - CubeFinder database generation date=2023-12-08 (1702028721)
2024-01-16 16:28:38,796 [INFO] ApiDb:671 - CubeFinder database FW Pack versions=[FP-ATR-ASTRA1_V2.0.0, FP-SNS-FLIGHT1_V5.0.1, FP-SNS-FLIGHT1_V5.0.2, FP-SNS-MOTENV1_V4.3.1, FP-SNS-MOTENV1_V4.3.2, FP-SNS-MOTENVWB1_V1.3.1, FP-SNS-SMARTAG2_V1.2.0, STM32Cube_FW_C0_V1.1.0, STM32Cube_FW_F4_V1.28.0, STM32Cube_FW_F7_V1.17.0, STM32Cube_FW_G0_V1.6.1, STM32Cube_FW_G4_V1.5.1, STM32Cube_FW_H5_V0.5.1, STM32Cube_FW_H5_V1.1.1, STM32Cube_FW_H5_V1.2.0RC2, STM32Cube_FW_H7_V1.11.0, STM32Cube_FW_L0_V1.12.2, STM32Cube_FW_L5_V1.5.0, STM32Cube_FW_U5_V1.3.0RC4, STM32Cube_FW_U5_V1.4.0, STM32Cube_FW_WBA_V1.0.0RC1, STM32Cube_FW_WBA_V1.1.0RC1, STM32Cube_FW_WBA_V1.2.0, STM32Cube_FW_WBA_V1.2.0RC2, STM32Cube_FW_WB_V1.15.0RC1, STM32Cube_FW_WB_V1.16.0, STM32Cube_FW_WB_V1.16.0RC2, STM32Cube_FW_WB_V1.18.0, STM32Cube_FW_WL_V1.3.0, X-CUBE-ALGOBUILD_V1.3.0, X-CUBE-ALS_V1.0.1, X-CUBE-AZRTOS-F4_V1.1.0, X-CUBE-AZRTOS-F7_V1.1.0, X-CUBE-AZRTOS-G0_V1.1.0, X-CUBE-AZRTOS-G4_V2.0.0, X-CUBE-AZRTOS-H7_V3.1.0, X-CUBE-AZRTOS-L4_V1.0.0, X-CUBE-AZRTOS-L4_V2.0.0, X-CUBE-AZRTOS-L5_V1.1.0, X-CUBE-AZRTOS-WB_V2.0.0, X-CUBE-AZRTOS-WL_V2.0.0, X-CUBE-BLE1_V7.0.0, X-CUBE-BLE2_V3.3.0, X-CUBE-BLEMGR_V3.0.0, X-CUBE-EEPRMA1_V4.1.0, X-CUBE-EEPRMA1_V4.2.0, X-CUBE-FREERTOS_V1.1.0, X-CUBE-GNSS1_V6.0.0, X-CUBE-MEMS1_V10.0.0, X-CUBE-MEMS1_V9.1.0, X-CUBE-MEMS1_V9.4.0, X-CUBE-MEMS1_V9.6.0, X-CUBE-NFC4_V3.0.0, X-CUBE-NFC7_V1.0.1, X-CUBE-SFXS2LP1_V4.0.0, X-CUBE-SUBG2_V5.0.0, X-CUBE-TOF1_V3.4.0]
2024-01-16 16:28:48,224 [INFO] ApiDb:240 - Found 323 in-development CPN: [B-G473E-ZEST1S, B-WB1M-WPAN1, B-WL5M-SUBG1, NUCLEO-C031C6, NUCLEO-H503RB, NUCLEO-H563ZI, NUCLEO-U545RE-Q, NUCLEO-U5A5ZJ-Q, NUCLEO-WBA52CG, STEVAL-PROTEUS1, STEVAL-SMARTAG2, STEVAL-STWINBX1, STM320518-EVAL, STM32C0116-DK, STM32C011D6Y3TR, STM32C011D6Y6TR, STM32C011F4P3, STM32C011F4P6, STM32C011F4U3, STM32C011F4U6TR, STM32C011F6P3, STM32C011F6P6, STM32C011F6U3, STM32C011F6U6TR, STM32C011J4M3, STM32C011J4M6, STM32C011J6M3, STM32C011J6M6, STM32C0316-DK, STM32C031C4T3, STM32C031C4T6, STM32C031C4U3, STM32C031C4U6, STM32C031C6T3, STM32C031C6T6, STM32C031C6U3, STM32C031C6U6, STM32C031F4P3, STM32C031F4P6, STM32C031F6P3, STM32C031F6P6, STM32C031G4U3, STM32C031G4U6, STM32C031G6U3, STM32C031G6U6, STM32C031K4T3, STM32C031K4T6, STM32C031K4U3, STM32C031K4U6, STM32C031K6T3, STM32C031K6T6, STM32C031K6U3, STM32C031K6U6, STM32G071K8TXN, STM32G071K8UXN, STM32G081GBU6N, STM32G081KBT6N, STM32G081KBUXN, STM32G0B1CCT6N, STM32G0B1KCT6, STM32G0B1NEY6TR, STM32G0B1RCT6N, STM32G0C1CCT6, STM32G0C1CCT6N, STM32G0C1CCU6N, STM32G0C1CET6N, STM32G0C1CEU6N, STM32G0C1KCT6, STM32G0C1NEY6TR, STM32G0C1RCI6N, STM32G0C1RCT6N, STM32G0C1REI6N, STM32G0C1RET6N, STM32G0C1VCI6, STM32G0C1VEI6, STM32G471CCT6, STM32G471CCU6, STM32G471CET3, STM32G471CET6, STM32G471CEU3, STM32G471CEU6, STM32G471MCT6, STM32G471MET3, STM32G471MET6, STM32G471MEY6TR, STM32G471QCT6, STM32G471QET3, STM32G471RCT6, STM32G471RET3, STM32G471RET6, STM32G471VCH6, STM32G471VCI6, STM32G471VCT6, STM32G471VEH3, STM32G471VEH6, STM32G471VEI3, STM32G471VEI6, STM32G471VET3, STM32G471VET6, STM32G474CCT6, STM32H503CBT6, STM32H503CBU6, STM32H503EBY6TR, STM32H503KBU6, STM32H503RBT6, STM32H562AGI6, STM32H562AII6, STM32H562IGK6, STM32H562IGT6, STM32H562IIK6, STM32H562IIT6, STM32H562RGT6, STM32H562RGV6, STM32H562RIT6, STM32H562RIV6, STM32H562VGT6, STM32H562VIT6, STM32H562ZGT6, STM32H562ZIT6, STM32H563AGI6, STM32H563AII3Q, STM32H563AII6, STM32H563IGK6, STM32H563IGT6, STM32H563IIK3Q, STM32H563IIK6, STM32H563IIT3Q, STM32H563IIT6, STM32H563MIY3QTR, STM32H563RGT6, STM32H563RGV6, STM32H563RIT6, STM32H563RIV6, STM32H563VGT6, STM32H563VIT3Q, STM32H563VIT6, STM32H563ZGT6, STM32H563ZIT3Q, STM32H563ZIT6, STM32H573AII3Q, STM32H573AII6, STM32H573I-DK, STM32H573IIK3Q, STM32H573IIK6, STM32H573IIT3Q, STM32H573IIT6, STM32H573MIY3QTR, STM32H573RIT6, STM32H573RIV6, STM32H573VIT3Q, STM32H573VIT6, STM32H573ZIT3Q, STM32H573ZIT6, STM32L4R5QGI6STR, STM32MP131AAE3, STM32MP131AAF3, STM32MP131AAG3, STM32MP131CAE3, STM32MP131CAF3, STM32MP131CAG3, STM32MP131DAE7, STM32MP131DAF7, STM32MP131DAG7, STM32MP131FAE7, STM32MP131FAF7, STM32MP131FAG7, STM32MP133AAE3, STM32MP133AAF3, STM32MP133AAG3, STM32MP133CAE3, STM32MP133CAF3, STM32MP133CAG3, STM32MP133DAE7, STM32MP133DAF7, STM32MP133DAG7, STM32MP133FAE7, STM32MP133FAF7, STM32MP133FAG7, STM32MP135AAE3, STM32MP135AAF3, STM32MP135AAG3, STM32MP135CAE3, STM32MP135CAF3, STM32MP135CAG3, STM32MP135DAE7, STM32MP135DAF7, STM32MP135DAG7, STM32MP135F-DK, STM32MP135FAE7, STM32MP135FAF7, STM32MP135FAF7T, STM32MP135FAF7U, STM32MP135FAG7, STM32U535CBT6, STM32U535CBT6Q, STM32U535CBU6, STM32U535CBU6Q, STM32U535CCT6, STM32U535CCT6Q, STM32U535CCU6, STM32U535CCU6Q, STM32U535CET6, STM32U535CET6Q, STM32U535CEU6, STM32U535CEU6Q, STM32U535JEY6QTR, STM32U535NCY6QTR, STM32U535NEY6QTR, STM32U535RBI6, STM32U535RBI6Q, STM32U535RBT6, STM32U535RBT6Q, STM32U535RCI6, STM32U535RCI6Q, STM32U535RCT6, STM32U535RCT6Q, STM32U535REI6, STM32U535REI6Q, STM32U535RET6, STM32U535RET6Q, STM32U535VCI6, STM32U535VCI6Q, STM32U535VCT6, STM32U535VCT6Q, STM32U535VEI6, STM32U535VEI6Q, STM32U535VET6, STM32U535VET6Q, STM32U545CET6, STM32U545CET6Q, STM32U545CEU6, STM32U545CEU6Q, STM32U545JEY6QTR, STM32U545NEY6QTR, STM32U545REI6, STM32U545REI6Q, STM32U545RET6, STM32U545RET6Q, STM32U545VEI6, STM32U545VEI6Q, STM32U545VET6, STM32U545VET6Q, STM32U595AIH6, STM32U595AIH6Q, STM32U595AJH6, STM32U595AJH6Q, STM32U595QII6, STM32U595QII6Q, STM32U595QJI6, STM32U595QJI6Q, STM32U595RIT6, STM32U595RIT6Q, STM32U595RJT6, STM32U595RJT6Q, STM32U595VIT6, STM32U595VIT6Q, STM32U595VJT6, STM32U595VJT6Q, STM32U595ZIT6, STM32U595ZIT6Q, STM32U595ZIY6QTR, STM32U595ZJT6, STM32U595ZJT6Q, STM32U595ZJY6QTR, STM32U599BJY6QTR, STM32U599NIH6Q, STM32U599NJH6Q, STM32U599VIT6Q, STM32U599VJT6, STM32U599VJT6Q, STM32U599ZIT6Q, STM32U599ZIY6QTR, STM32U599ZJT6Q, STM32U599ZJY6QTR, STM32U5A5AJH6, STM32U5A5AJH6Q, STM32U5A5QJI6, STM32U5A5QJI6Q, STM32U5A5RJT6, STM32U5A5RJT6Q, STM32U5A5VJT6, STM32U5A5VJT6Q, STM32U5A5ZJT6, STM32U5A5ZJT6Q, STM32U5A5ZJY6QTR, STM32U5A9BJY6QTR, STM32U5A9J-DK, STM32U5A9NJH6Q, STM32U5A9VJT6Q, STM32U5A9ZJT6Q, STM32U5A9ZJY6QTR, STM32U5F7VIT6, STM32U5F7VIT6Q, STM32U5F7VJT6, STM32U5F7VJT6Q, STM32U5F9BJY6QTR, STM32U5F9NJH6Q, STM32U5F9VIT6Q, STM32U5F9VJT6Q, STM32U5F9ZIJ6QTR, STM32U5F9ZIT6Q, STM32U5F9ZJJ6QTR, STM32U5F9ZJT6Q, STM32U5G7VJT6, STM32U5G7VJT6Q, STM32U5G9BJY6QTR, STM32U5G9J-DK1, STM32U5G9J-DK2, STM32U5G9NJH6Q, STM32U5G9VJT6Q, STM32U5G9ZJJ6QTR, STM32U5G9ZJT6Q, STM32WB1MMCH6, STM32WBA52CEU6, STM32WBA52CEU6T, STM32WBA52CGU6, STM32WBA52CGU6T, STM32WBA52KEU6, STM32WBA52KEU6T, STM32WBA52KGU6, STM32WBA52KGU6T, STM32WL5MOCH6, STM32WL5MOCH6TR]
2024-01-16 16:28:48,229 [INFO] DbMcus:217 - Found 3882 MCUs, 3882 are supported
2024-01-16 16:28:48,230 [INFO] ApiDb:423 - Load user favorites file C:\Users\GamingSystemOfUseV/.stm32cubeide/favorites.mcus.txt: 0 item(s)
2024-01-16 16:28:48,230 [INFO] ApiDb:427 - User favorites MCUs=[]
2024-01-16 16:28:48,230 [INFO] DbMcus:223 - Set 0 / 0 favorites MCUs
2024-01-16 16:28:49,425 [WARN] ThirdParty:833 - waiting for thirdparty lock release [change project]
2024-01-16 16:28:49,425 [INFO] ThirdParty:835 - entering critical section [change project]
2024-01-16 16:28:49,425 [INFO] ThirdParty:1030 - CMSIS Pack Vendor :STMicroelectronics X-CUBE-ISPU 1.1.0
2024-01-16 16:28:49,425 [INFO] ThirdParty:1030 - CMSIS Pack Vendor :STMicroelectronics USBPD 4.1
2024-01-16 16:28:49,425 [INFO] ThirdParty:1030 - CMSIS Pack Vendor :STMicroelectronics X-CUBE-GNSS1 6.0.0
2024-01-16 16:28:49,426 [INFO] ThirdParty:1030 - CMSIS Pack Vendor :STMicroelectronics USB_HOST 2.0.0
2024-01-16 16:28:49,426 [INFO] ThirdParty:1030 - CMSIS Pack Vendor :STMicroelectronics X-CUBE-AZRTOS-F4 1.1.0
2024-01-16 16:28:49,426 [INFO] ThirdParty:1030 - CMSIS Pack Vendor :STMicroelectronics LIBJPEG 8.0.0
2024-01-16 16:28:49,426 [INFO] ThirdParty:1030 - CMSIS Pack Vendor :wolfSSL I-CUBE-wolfSSL 5.6.3
2024-01-16 16:28:49,426 [INFO] ThirdParty:1030 - CMSIS Pack Vendor :STMicroelectronics X-CUBE-SMBUS 2.1.0
2024-01-16 16:28:49,426 [INFO] ThirdParty:1030 - CMSIS Pack Vendor :STMicroelectronics USB_DEVICE 3.0.0
2024-01-16 16:28:49,426 [INFO] ThirdParty:1030 - CMSIS Pack Vendor :STMicroelectronics X-CUBE-AZRTOS-WB 2.0.0
2024-01-16 16:28:49,426 [INFO] ThirdParty:1030 - CMSIS Pack Vendor :STMicroelectronics X-CUBE-TOUCHGFX 4.23.0
2024-01-16 16:28:49,426 [INFO] ThirdParty:1030 - CMSIS Pack Vendor :STMicroelectronics X-CUBE-AZRTOS-F7 1.1.0
2024-01-16 16:28:49,426 [INFO] ThirdParty:1030 - CMSIS Pack Vendor :STMicroelectronics X-CUBE-AZRTOS-L5 2.0.0
2024-01-16 16:28:49,426 [INFO] ThirdParty:1030 - CMSIS Pack Vendor :STMicroelectronics USB_DEVICE 2.0.0
2024-01-16 16:28:49,426 [INFO] ThirdParty:1030 - CMSIS Pack Vendor :STMicroelectronics X-CUBE-EEPRMA1 4.2.0
2024-01-16 16:28:49,426 [INFO] ThirdParty:1030 - CMSIS Pack Vendor :ITTIA_DB I-CUBE-ITTIADB 8.8.0
2024-01-16 16:28:49,427 [INFO] ThirdParty:1030 - CMSIS Pack Vendor :STMicroelectronics FP-SNS-MOTENV1 4.3.2
2024-01-16 16:28:49,427 [INFO] ThirdParty:1030 - CMSIS Pack Vendor :STMicroelectronics X-CUBE-ALGOBUILD 1.3.0
2024-01-16 16:28:49,427 [INFO] ThirdParty:1030 - CMSIS Pack Vendor :STMicroelectronics FreeRTOS 0.0.1
2024-01-16 16:28:49,427 [INFO] ThirdParty:1030 - CMSIS Pack Vendor :STMicroelectronics X-CUBE-AZRTOS-G0 1.1.0
2024-01-16 16:28:49,427 [INFO] ThirdParty:1030 - CMSIS Pack Vendor :STMicroelectronics X-CUBE-BLEMGR 2.0.0
2024-01-16 16:28:49,427 [INFO] ThirdParty:1030 - CMSIS Pack Vendor :STMicroelectronics X-CUBE-NFC4 3.0.0
2024-01-16 16:28:49,427 [INFO] ThirdParty:1030 - CMSIS Pack Vendor :STMicroelectronics X-CUBE-SUBG2 5.0.0
2024-01-16 16:28:49,427 [INFO] ThirdParty:1030 - CMSIS Pack Vendor :STMicroelectronics STM32_WPAN 1.0.0
2024-01-16 16:28:49,427 [INFO] ThirdParty:1030 - CMSIS Pack Vendor :STMicroelectronics lwIP 2.0.3
2024-01-16 16:28:49,427 [INFO] ThirdParty:1030 - CMSIS Pack Vendor :STMicroelectronics FP-SNS-FLIGHT1 5.0.2
2024-01-16 16:28:49,427 [INFO] ThirdParty:1030 - CMSIS Pack Vendor :STMicroelectronics USB_HOST 1.0.0
2024-01-16 16:28:49,427 [INFO] ThirdParty:1030 - CMSIS Pack Vendor :STMicroelectronics X-CUBE-TOF1 3.3.1
2024-01-16 16:28:49,428 [INFO] ThirdParty:1030 - CMSIS Pack Vendor :STMicroelectronics X-CUBE-AZRTOS-G4 2.0.0
2024-01-16 16:28:49,428 [INFO] ThirdParty:1030 - CMSIS Pack Vendor :STMicroelectronics PDM2PCM 3.1.0
2024-01-16 16:28:49,428 [INFO] ThirdParty:1030 - CMSIS Pack Vendor :STMicroelectronics X-CUBE-AZRTOS-H7 3.1.0
2024-01-16 16:28:49,428 [INFO] ThirdParty:1030 - CMSIS Pack Vendor :Infineon AIROC-Wi-Fi-Bluetooth-STM32 1.5.1
2024-01-16 16:28:49,428 [INFO] ThirdParty:1030 - CMSIS Pack Vendor :STMicroelectronics X-CUBE-BLEMGR 3.0.0
2024-01-16 16:28:49,428 [INFO] ThirdParty:1030 - CMSIS Pack Vendor :STMicroelectronics PDM2PCM 3.3.0
2024-01-16 16:28:49,428 [INFO] ThirdParty:1030 - CMSIS Pack Vendor :STMicroelectronics X-CUBE-DISPLAY 3.0.0
2024-01-16 16:28:49,428 [INFO] ThirdParty:1030 - CMSIS Pack Vendor :STMicroelectronics FP-SNS-MOTENVWB1 1.3.0
2024-01-16 16:28:49,428 [INFO] ThirdParty:1030 - CMSIS Pack Vendor :STMicroelectronics FP-SNS-MOTENVWB1 1.3.1
2024-01-16 16:28:49,428 [INFO] ThirdParty:1030 - CMSIS Pack Vendor :STMicroelectronics X-CUBE-BLE1 7.0.0
2024-01-16 16:28:49,428 [INFO] ThirdParty:1030 - CMSIS Pack Vendor :STMicroelectronics FP-ATR-SIGFOX1 3.2.0
2024-01-16 16:28:49,428 [INFO] ThirdParty:1030 - CMSIS Pack Vendor :STMicroelectronics X-CUBE-ISPU 2.0.0
2024-01-16 16:28:49,428 [INFO] ThirdParty:1030 - CMSIS Pack Vendor :STMicroelectronics HAL Drivers 0.0.0
2024-01-16 16:28:49,428 [INFO] ThirdParty:1030 - CMSIS Pack Vendor :STMicroelectronics MBEDTLS 2.16.2
2024-01-16 16:28:49,429 [INFO] ThirdParty:1030 - CMSIS Pack Vendor :emotas I-CUBE-CANOPEN 1.3.0
2024-01-16 16:28:49,429 [INFO] ThirdParty:1030 - CMSIS Pack Vendor :STMicroelectronics X-CUBE-MEMS1 10.0.0
2024-01-16 16:28:49,429 [INFO] ThirdParty:1030 - CMSIS Pack Vendor :STMicroelectronics X-CUBE-FREERTOS 1.1.0
2024-01-16 16:28:49,429 [INFO] ThirdParty:1030 - CMSIS Pack Vendor :STMicroelectronics X-CUBE-NFC7 1.0.1
2024-01-16 16:28:49,429 [INFO] ThirdParty:1030 - CMSIS Pack Vendor :STMicroelectronics MBEDTLS 2.14.1
2024-01-16 16:28:49,429 [INFO] ThirdParty:1030 - CMSIS Pack Vendor :STMicroelectronics X-CUBE-TOUCHGFX 4.22.1
2024-01-16 16:28:49,429 [INFO] ThirdParty:1030 - CMSIS Pack Vendor :STMicroelectronics X-CUBE-NFC6 3.0.0
2024-01-16 16:28:49,429 [INFO] ThirdParty:1030 - CMSIS Pack Vendor :portGmbH I-Cube-SoM-uGOAL 1.1.0
2024-01-16 16:28:49,429 [INFO] ThirdParty:1030 - CMSIS Pack Vendor :STMicroelectronics X-CUBE-ALS 1.0.1
2024-01-16 16:28:49,429 [INFO] ThirdParty:1030 - CMSIS Pack Vendor :STMicroelectronics ThreadX 1.0.0
2024-01-16 16:28:49,429 [INFO] ThirdParty:1030 - CMSIS Pack Vendor :STMicroelectronics FP-SNS-SMARTAG2 1.2.0
2024-01-16 16:28:49,430 [INFO] ThirdParty:1030 - CMSIS Pack Vendor :STMicroelectronics X-CUBE-AZRTOS-WL 2.0.0
2024-01-16 16:28:49,430 [INFO] ThirdParty:1030 - CMSIS Pack Vendor :STMicroelectronics USB_DEVICE 1.0.0
2024-01-16 16:28:49,430 [INFO] ThirdParty:1030 - CMSIS Pack Vendor :STMicroelectronics X-CUBE-AI 8.1.0
2024-01-16 16:28:49,430 [INFO] ThirdParty:1030 - CMSIS Pack Vendor :STMicroelectronics X-CUBE-AZRTOS-L4 2.0.0
2024-01-16 16:28:49,430 [INFO] ThirdParty:1030 - CMSIS Pack Vendor :STMicroelectronics ThreadX 0.0.2
2024-01-16 16:28:49,430 [INFO] ThirdParty:1030 - CMSIS Pack Vendor :WES I-CUBE-Cesium 1.3.0
2024-01-16 16:28:49,430 [INFO] ThirdParty:1030 - CMSIS Pack Vendor :STMicroelectronics FP-ATR-ASTRA1 2.0.0
2024-01-16 16:28:49,430 [INFO] ThirdParty:1030 - CMSIS Pack Vendor :STMicroelectronics lwIP 2.1.2
2024-01-16 16:28:49,430 [INFO] ThirdParty:1030 - CMSIS Pack Vendor :STMicroelectronics X-CUBE-SFXS2LP1 4.0.0
2024-01-16 16:28:49,430 [INFO] ThirdParty:1030 - CMSIS Pack Vendor :STMicroelectronics X-CUBE-BLE2 3.3.0
2024-01-16 16:28:49,430 [INFO] ThirdParty:1030 - CMSIS Pack Vendor :STMicroelectronics X-CUBE-TOF1 3.4.0
2024-01-16 16:28:49,430 [INFO] ThirdParty:1030 - CMSIS Pack Vendor :STMicroelectronics X-CUBE-AZRTOS-H7 3.2.0
2024-01-16 16:28:49,430 [INFO] ThirdParty:1030 - CMSIS Pack Vendor :STMicroelectronics PDM2PCM 3.2.0
2024-01-16 16:28:49,431 [INFO] ThirdParty:841 - exiting critical section [change project]
2024-01-16 16:28:50,696 [INFO] PinOutPanel:1499 - setPackage(No Configuration,No Configuration)
2024-01-16 16:28:50,699 [INFO] PinOutPanel:1499 - setPackage(STM32F746ZGTx,LQFP144)
2024-01-16 16:28:52,296 [INFO] UtilMem:75 - Before build in PCC Used Memory: 680023040 Bytes (1071644672)
2024-01-16 16:28:55,660 [INFO] UtilMem:75 - After build in PCC Used Memory: 876846216 Bytes (1073741824)
2024-01-16 16:28:55,709 [INFO] IPUIPlugin:80 - create IPUIPlugin
2024-01-16 16:28:55,710 [INFO] IPUIPlugin:80 - create IPUIPlugin
2024-01-16 16:28:55,710 [INFO] IPUIPlugin:80 - create IPUIPlugin
2024-01-16 16:28:55,710 [INFO] IPUIPlugin:80 - create IPUIPlugin
2024-01-16 16:28:55,711 [INFO] IPUIPlugin:80 - create IPUIPlugin
2024-01-16 16:28:55,711 [INFO] IPUIPlugin:80 - create IPUIPlugin
2024-01-16 16:28:55,711 [INFO] IPUIPlugin:80 - create IPUIPlugin
2024-01-16 16:28:55,711 [INFO] IPUIPlugin:80 - create IPUIPlugin
2024-01-16 16:28:55,712 [INFO] IPUIPlugin:80 - create IPUIPlugin
2024-01-16 16:28:55,712 [INFO] IPUIPlugin:80 - create IPUIPlugin
2024-01-16 16:28:55,712 [INFO] IPUIPlugin:80 - create IPUIPlugin
2024-01-16 16:28:55,712 [INFO] IPUIPlugin:80 - create IPUIPlugin
2024-01-16 16:28:55,712 [INFO] IPUIPlugin:80 - create IPUIPlugin
2024-01-16 16:28:55,712 [INFO] IPUIPlugin:80 - create IPUIPlugin
2024-01-16 16:28:55,712 [INFO] IPUIPlugin:80 - create IPUIPlugin
2024-01-16 16:28:55,713 [INFO] IPUIPlugin:80 - create IPUIPlugin
2024-01-16 16:28:55,713 [INFO] IPUIPlugin:80 - create IPUIPlugin
2024-01-16 16:28:55,713 [INFO] IPUIPlugin:80 - create IPUIPlugin
2024-01-16 16:28:55,713 [INFO] IPUIPlugin:80 - create IPUIPlugin
2024-01-16 16:28:55,713 [INFO] IPUIPlugin:80 - create IPUIPlugin
2024-01-16 16:28:55,714 [INFO] IPUIPlugin:80 - create IPUIPlugin
2024-01-16 16:28:55,714 [INFO] IPUIPlugin:80 - create IPUIPlugin
2024-01-16 16:28:55,714 [INFO] IPUIPlugin:80 - create IPUIPlugin
2024-01-16 16:28:55,714 [INFO] IPUIPlugin:80 - create IPUIPlugin
2024-01-16 16:28:55,714 [INFO] IPUIPlugin:80 - create IPUIPlugin
2024-01-16 16:28:55,715 [INFO] IPUIPlugin:80 - create IPUIPlugin
2024-01-16 16:28:55,715 [INFO] IPUIPlugin:80 - create IPUIPlugin
2024-01-16 16:28:55,715 [INFO] IPUIPlugin:80 - create IPUIPlugin
2024-01-16 16:28:55,715 [INFO] IPUIPlugin:80 - create IPUIPlugin
2024-01-16 16:28:55,716 [INFO] IPUIPlugin:80 - create IPUIPlugin
2024-01-16 16:28:55,716 [INFO] IPUIPlugin:80 - create IPUIPlugin
2024-01-16 16:28:55,716 [INFO] IPUIPlugin:80 - create IPUIPlugin
2024-01-16 16:28:55,716 [INFO] IPUIPlugin:80 - create IPUIPlugin
2024-01-16 16:28:55,717 [INFO] IPUIPlugin:80 - create IPUIPlugin
2024-01-16 16:28:55,717 [INFO] IPUIPlugin:80 - create IPUIPlugin
2024-01-16 16:28:55,717 [INFO] IPUIPlugin:80 - create IPUIPlugin
2024-01-16 16:28:55,717 [INFO] IPUIPlugin:80 - create IPUIPlugin
2024-01-16 16:28:55,718 [INFO] IPUIPlugin:80 - create IPUIPlugin
2024-01-16 16:28:55,719 [INFO] IPUIPlugin:80 - create IPUIPlugin
2024-01-16 16:28:55,720 [INFO] IPUIPlugin:80 - create IPUIPlugin
2024-01-16 16:28:55,721 [INFO] IPUIPlugin:80 - create IPUIPlugin
2024-01-16 16:28:55,721 [INFO] IPUIPlugin:80 - create IPUIPlugin
2024-01-16 16:28:55,721 [INFO] IPUIPlugin:80 - create IPUIPlugin
2024-01-16 16:28:55,722 [INFO] IPUIPlugin:80 - create IPUIPlugin
2024-01-16 16:28:55,722 [INFO] IPUIPlugin:80 - create IPUIPlugin
2024-01-16 16:28:55,722 [INFO] IPUIPlugin:80 - create IPUIPlugin
2024-01-16 16:28:55,723 [INFO] IPUIPlugin:80 - create IPUIPlugin
2024-01-16 16:28:55,723 [INFO] IPUIPlugin:80 - create IPUIPlugin
2024-01-16 16:28:55,723 [INFO] IPUIPlugin:80 - create IPUIPlugin
2024-01-16 16:28:55,724 [INFO] IPUIPlugin:80 - create IPUIPlugin
2024-01-16 16:28:55,724 [INFO] IPUIPlugin:80 - create IPUIPlugin
2024-01-16 16:28:55,725 [INFO] IPUIPlugin:80 - create IPUIPlugin
2024-01-16 16:28:55,725 [INFO] IPUIPlugin:80 - create IPUIPlugin
2024-01-16 16:28:55,725 [INFO] IPUIPlugin:80 - create IPUIPlugin
2024-01-16 16:28:55,726 [INFO] IPUIPlugin:80 - create IPUIPlugin
2024-01-16 16:28:55,726 [INFO] IPUIPlugin:80 - create IPUIPlugin
2024-01-16 16:28:55,727 [INFO] IPUIPlugin:80 - create IPUIPlugin
2024-01-16 16:28:55,729 [INFO] IPUIPlugin:80 - create IPUIPlugin
2024-01-16 16:28:55,729 [INFO] IPUIPlugin:80 - create IPUIPlugin
2024-01-16 16:28:55,730 [INFO] IPUIPlugin:80 - create IPUIPlugin
2024-01-16 16:28:55,731 [INFO] IPUIPlugin:80 - create IPUIPlugin
2024-01-16 16:28:55,731 [INFO] IPUIPlugin:80 - create IPUIPlugin
2024-01-16 16:28:55,732 [INFO] IPUIPlugin:80 - create IPUIPlugin
2024-01-16 16:28:55,732 [INFO] IPUIPlugin:80 - create IPUIPlugin
2024-01-16 16:28:55,733 [INFO] IPUIPlugin:80 - create IPUIPlugin
2024-01-16 16:28:55,733 [INFO] IPUIPlugin:80 - create IPUIPlugin
2024-01-16 16:28:55,734 [INFO] IPUIPlugin:80 - create IPUIPlugin
2024-01-16 16:28:55,734 [INFO] IPUIPlugin:80 - create IPUIPlugin
2024-01-16 16:28:55,735 [INFO] IPUIPlugin:80 - create IPUIPlugin
2024-01-16 16:28:55,735 [INFO] IPUIPlugin:80 - create IPUIPlugin
2024-01-16 16:28:55,736 [INFO] IPUIPlugin:80 - create IPUIPlugin
2024-01-16 16:28:55,737 [INFO] IPUIPlugin:80 - create IPUIPlugin
2024-01-16 16:28:55,737 [INFO] IPUIPlugin:80 - create IPUIPlugin
2024-01-16 16:28:55,738 [INFO] IPUIPlugin:80 - create IPUIPlugin
2024-01-16 16:28:56,048 [INFO] ApiDbMcu:507 - Load IP Config File for PDM2PCM
2024-01-16 16:28:57,069 [INFO] CADModel:165 - CPN selected for project levelSTM32F746ZGT6
2024-01-16 16:28:57,069 [INFO] CADModel:114 - Register for checkConnection events
2024-01-16 16:28:57,122 [INFO] OpenFileManager:328 - Restore cursor
2024-01-16 16:30:36,935 [INFO] I2cTimingTraitement:330 - 0x00808CD2
2024-01-16 16:31:45,066 [INFO] I2cTimingTraitement:330 - 0x00808CD2
2024-01-16 16:31:45,395 [INFO] I2cTimingTraitement:330 - 0x00808CD2
2024-01-16 16:31:56,539 [INFO] I2cTimingTraitement:330 - 0x00808CD2
2024-01-16 16:31:56,950 [INFO] I2cTimingTraitement:330 - 0x00808CD2
2024-01-16 16:32:18,017 [INFO] UtilMem:75 - End SaveConfig() Used Memory: 809887328 Bytes (1073741824)
2024-01-16 16:32:21,286 [INFO] UtilMem:75 - End SaveConfig() Used Memory: 565040392 Bytes (1073741824)
2024-01-16 16:32:24,984 [INFO] UtilMem:75 - End SaveConfig() Used Memory: 623174672 Bytes (1073741824)
2024-01-16 16:32:25,888 [INFO] BlockDiagram:2759 - set Specific Code input for plugin: TIM1_8F7
2024-01-16 16:32:25,888 [INFO] BlockDiagram:2759 - set Specific Code input for plugin: TIM1_8F7
2024-01-16 16:32:25,889 [INFO] BlockDiagram:2759 - set Specific Code input for plugin: SYS
2024-01-16 16:32:25,889 [INFO] BlockDiagram:2759 - set Specific Code input for plugin: RCC
2024-01-16 16:32:25,889 [INFO] BlockDiagram:2759 - set Specific Code input for plugin: I2C
2024-01-16 16:32:25,889 [INFO] BlockDiagram:2759 - set Specific Code input for plugin: I2C
2024-01-16 16:32:25,889 [INFO] BlockDiagram:2759 - set Specific Code input for plugin: USB_OTG_FS
2024-01-16 16:32:25,889 [INFO] BlockDiagram:2759 - set Specific Code input for plugin: NVIC
2024-01-16 16:32:25,889 [INFO] BlockDiagram:2759 - set Specific Code input for plugin: USART
2024-01-16 16:32:25,891 [INFO] BlockDiagram:2759 - set Specific Code input for plugin: GPIO
2024-01-16 16:32:25,893 [INFO] CodeGenerator:799 - code generatio: config db path: C:\ST\STM32CubeIDE_1.13.2\STM32CubeIDE\plugins\com.st.stm32cube.common.mx_6.9.2.202309101412\\db\
2024-01-16 16:32:27,407 [INFO] CodeEngine:255 - oldGeneratedFile, C:\Users\GamingSystemOfUseV\Documents\github\Regulator-PID-ogrzewanie\projekt\MXTmpFiles\license.tmp_save
2024-01-16 16:32:28,276 [INFO] CodeEngine:279 - Generated code: C:\Users\GamingSystemOfUseV\Documents\github\Regulator-PID-ogrzewanie\projekt\MXTmpFiles\license.tmp
2024-01-16 16:32:29,463 [INFO] CodeEngine:255 - oldGeneratedFile, C:\Users\GamingSystemOfUseV\Documents\github\Regulator-PID-ogrzewanie\projekt\MXTmpFiles\gpio.tmp_save
2024-01-16 16:32:29,664 [INFO] CodeEngine:279 - Generated code: C:\Users\GamingSystemOfUseV\Documents\github\Regulator-PID-ogrzewanie\projekt\MXTmpFiles\gpio.tmp
2024-01-16 16:32:31,267 [WARN] IPConfigManager:2937 - Warning: the RefConfig PWREx_EnableUSBVoltageDetector is not available in your config.xml file
2024-01-16 16:32:31,329 [INFO] CodeEngine:255 - oldGeneratedFile, C:\Users\GamingSystemOfUseV\Documents\github\Regulator-PID-ogrzewanie\projekt\MXTmpFiles\cortex.tmp_save
2024-01-16 16:32:31,493 [INFO] CodeEngine:279 - Generated code: C:\Users\GamingSystemOfUseV\Documents\github\Regulator-PID-ogrzewanie\projekt\MXTmpFiles\cortex.tmp
2024-01-16 16:32:31,632 [INFO] CodeEngine:255 - oldGeneratedFile, C:\Users\GamingSystemOfUseV\Documents\github\Regulator-PID-ogrzewanie\projekt\Core\Src\stm32f7xx_it.c_save
2024-01-16 16:32:31,848 [INFO] CodeEngine:279 - Generated code: C:\Users\GamingSystemOfUseV\Documents\github\Regulator-PID-ogrzewanie\projekt\Core\Src\stm32f7xx_it.c
2024-01-16 16:32:31,904 [INFO] CodeEngine:255 - oldGeneratedFile, C:\Users\GamingSystemOfUseV\Documents\github\Regulator-PID-ogrzewanie\projekt\Core\Inc\stm32f7xx_it.h_save
2024-01-16 16:32:32,085 [INFO] CodeEngine:279 - Generated code: C:\Users\GamingSystemOfUseV\Documents\github\Regulator-PID-ogrzewanie\projekt\Core\Inc\stm32f7xx_it.h
2024-01-16 16:32:32,283 [INFO] CodeEngine:255 - oldGeneratedFile, C:\Users\GamingSystemOfUseV\Documents\github\Regulator-PID-ogrzewanie\projekt\Core\Src\stm32f7xx_hal_msp.c_save
2024-01-16 16:32:32,544 [INFO] CodeEngine:279 - Generated code: C:\Users\GamingSystemOfUseV\Documents\github\Regulator-PID-ogrzewanie\projekt\Core\Src\stm32f7xx_hal_msp.c
2024-01-16 16:32:32,573 [INFO] CodeEngine:255 - oldGeneratedFile, C:\Users\GamingSystemOfUseV\Documents\github\Regulator-PID-ogrzewanie\projekt\MXTmpFiles\system.tmp_save
2024-01-16 16:32:32,676 [INFO] CodeEngine:279 - Generated code: C:\Users\GamingSystemOfUseV\Documents\github\Regulator-PID-ogrzewanie\projekt\MXTmpFiles\system.tmp
2024-01-16 16:32:32,769 [INFO] CodeEngine:311 - oldGeneratedFile, C:\Users\GamingSystemOfUseV\Documents\github\Regulator-PID-ogrzewanie\projekt\Core\Inc\stm32f7xx_hal_conf.h_save
2024-01-16 16:32:32,962 [INFO] CodeEngine:335 - Generated code: C:\Users\GamingSystemOfUseV\Documents\github\Regulator-PID-ogrzewanie\projekt\Core\Inc\stm32f7xx_hal_conf.h
2024-01-16 16:32:33,050 [WARN] IPConfigManager:3431 - IP not found : TIM
2024-01-16 16:32:33,051 [WARN] IPConfigManager:3431 - IP not found : USB_OTG
2024-01-16 16:32:33,053 [WARN] CodeGenerator:3764 - IP not found : null
2024-01-16 16:32:33,053 [WARN] CodeGenerator:3764 - IP not found : null
2024-01-16 16:32:33,106 [INFO] CodeEngine:255 - oldGeneratedFile, C:\Users\GamingSystemOfUseV\Documents\github\Regulator-PID-ogrzewanie\projekt\Core\Inc\main.h_save
2024-01-16 16:32:33,288 [INFO] CodeEngine:279 - Generated code: C:\Users\GamingSystemOfUseV\Documents\github\Regulator-PID-ogrzewanie\projekt\Core\Inc\main.h
2024-01-16 16:32:33,335 [INFO] CodeEngine:255 - oldGeneratedFile, C:\Users\GamingSystemOfUseV\Documents\github\Regulator-PID-ogrzewanie\projekt\Core\Src\main.c_save
2024-01-16 16:32:33,658 [INFO] CodeEngine:279 - Generated code: C:\Users\GamingSystemOfUseV\Documents\github\Regulator-PID-ogrzewanie\projekt\Core\Src\main.c
2024-01-16 16:32:43,519 [INFO] ProjectBuilder:3064 - Time for Copy HAL[1] : 8281mS.
2024-01-16 16:32:43,532 [INFO] ProjectBuilder:4404 - Project Generator version: 4.1.0
2024-01-16 16:32:43,995 [INFO] ConfigFileManager:1457 - The Die is : DIE449
2024-01-16 16:32:44,079 [INFO] ApiDbMcu:507 - Load IP Config File for FATFS
2024-01-16 16:32:44,141 [INFO] ApiDbMcu:507 - Load IP Config File for FREERTOS
2024-01-16 16:32:44,200 [INFO] ApiDbMcu:507 - Load IP Config File for LIBJPEG
2024-01-16 16:32:44,292 [INFO] ApiDbMcu:507 - Load IP Config File for LWIP
2024-01-16 16:32:44,333 [INFO] ApiDbMcu:507 - Load IP Config File for MBEDTLS
2024-01-16 16:32:44,425 [INFO] ApiDbMcu:507 - Load IP Config File for USB_DEVICE
2024-01-16 16:32:44,457 [INFO] ApiDbMcu:507 - Load IP Config File for USB_HOST
2024-01-16 16:32:47,636 [INFO] LogOutputStream:77 - [STDOUT_REDIRECT] 
2024-01-16 16:32:54,285 [INFO] ProjectBuilder:4626 - Time for Generating toolchain IDE Files: 10752mS.
2024-01-16 16:32:54,286 [INFO] ProjectBuilder:2935 - Time for Copy CMSIS : 1mS.
2024-01-16 16:32:54,292 [INFO] ProjectBuilder:2935 - Time for Copy CMSIS : 0mS.
